[0.070s] Invoking command in '/home/rozy/e-Yantra/logistic-cobot/eyrc-24-25-logistic-cobot/build/ur_simulation_gazebo': AMENT_PREFIX_PATH=/home/rozy/e-Yantra/logistic-cobot/eyrc-24-25-logistic-cobot/install/ur_moveit_config:/home/rozy/e-Yantra/logistic-cobot/eyrc-24-25-logistic-cobot/install/ur_description:${AMENT_PREFIX_PATH} CMAKE_PREFIX_PATH=/home/rozy/e-Yantra/logistic-cobot/eyrc-24-25-logistic-cobot/install/ur_moveit_config:/home/rozy/e-Yantra/logistic-cobot/eyrc-24-25-logistic-cobot/install/ur_description:/home/rozy/ros2_ws/install/my_robot_interfaces:/home/rozy/ros2_ws/install/turtlesim_catch_them_all:/home/rozy/ros2_ws/install/my_py_pkg:/opt/ros/humble /usr/bin/cmake /home/rozy/e-Yantra/logistic-cobot/eyrc-24-25-logistic-cobot/ur_simulation_gazebo -DCMAKE_INSTALL_PREFIX=/home/rozy/e-Yantra/logistic-cobot/eyrc-24-25-logistic-cobot/install/ur_simulation_gazebo
[0.109s] -- The C compiler identification is GNU 11.4.0
[0.153s] -- The CXX compiler identification is GNU 11.4.0
[0.159s] -- Detecting C compiler ABI info
[0.234s] -- Detecting C compiler ABI info - done
[0.238s] -- Check for working C compiler: /usr/bin/cc - skipped
[0.238s] -- Detecting C compile features
[0.239s] -- Detecting C compile features - done
[0.243s] -- Detecting CXX compiler ABI info
[0.352s] -- Detecting CXX compiler ABI info - done
[0.362s] -- Check for working CXX compiler: /usr/bin/c++ - skipped
[0.363s] -- Detecting CXX compile features
[0.363s] -- Detecting CXX compile features - done
[0.365s] -- Found ament_cmake: 1.3.7 (/opt/ros/humble/share/ament_cmake/cmake)
[0.539s] -- Found Python3: /usr/bin/python3.10 (found version "3.10.12") found components: Interpreter 
[0.604s] -- Found launch_testing_ament_cmake: 1.0.4 (/opt/ros/humble/share/launch_testing_ament_cmake/cmake)
[0.606s] -- Found python_cmake_module: 0.10.0 (/opt/ros/humble/share/python_cmake_module/cmake)
[0.622s] -- Found PythonInterp: /usr/bin/python3 (found suitable version "3.10.12", minimum required is "3.6") 
[0.629s] -- Found PythonLibs: /usr/lib/x86_64-linux-gnu/libpython3.10.so (found suitable version "3.10.12", minimum required is "3.5") 
[0.629s] -- Using PYTHON_EXECUTABLE: /usr/bin/python3
[0.629s] -- Using PYTHON_INCLUDE_DIRS: /usr/include/python3.10
[0.629s] -- Using PYTHON_LIBRARIES: /usr/lib/x86_64-linux-gnu/libpython3.10.so
[0.644s] -- Found PythonExtra: .so  
[0.645s] -- Found ament_cmake_pytest: 1.3.7 (/opt/ros/humble/share/ament_cmake_pytest/cmake)
[0.687s] -- Configuring done
[0.689s] -- Generating done
[0.690s] -- Build files have been written to: /home/rozy/e-Yantra/logistic-cobot/eyrc-24-25-logistic-cobot/build/ur_simulation_gazebo
[0.694s] Invoked command in '/home/rozy/e-Yantra/logistic-cobot/eyrc-24-25-logistic-cobot/build/ur_simulation_gazebo' returned '0': AMENT_PREFIX_PATH=/home/rozy/e-Yantra/logistic-cobot/eyrc-24-25-logistic-cobot/install/ur_moveit_config:/home/rozy/e-Yantra/logistic-cobot/eyrc-24-25-logistic-cobot/install/ur_description:${AMENT_PREFIX_PATH} CMAKE_PREFIX_PATH=/home/rozy/e-Yantra/logistic-cobot/eyrc-24-25-logistic-cobot/install/ur_moveit_config:/home/rozy/e-Yantra/logistic-cobot/eyrc-24-25-logistic-cobot/install/ur_description:/home/rozy/ros2_ws/install/my_robot_interfaces:/home/rozy/ros2_ws/install/turtlesim_catch_them_all:/home/rozy/ros2_ws/install/my_py_pkg:/opt/ros/humble /usr/bin/cmake /home/rozy/e-Yantra/logistic-cobot/eyrc-24-25-logistic-cobot/ur_simulation_gazebo -DCMAKE_INSTALL_PREFIX=/home/rozy/e-Yantra/logistic-cobot/eyrc-24-25-logistic-cobot/install/ur_simulation_gazebo
[0.695s] Invoking command in '/home/rozy/e-Yantra/logistic-cobot/eyrc-24-25-logistic-cobot/build/ur_simulation_gazebo': AMENT_PREFIX_PATH=/home/rozy/e-Yantra/logistic-cobot/eyrc-24-25-logistic-cobot/install/ur_moveit_config:/home/rozy/e-Yantra/logistic-cobot/eyrc-24-25-logistic-cobot/install/ur_description:${AMENT_PREFIX_PATH} CMAKE_PREFIX_PATH=/home/rozy/e-Yantra/logistic-cobot/eyrc-24-25-logistic-cobot/install/ur_moveit_config:/home/rozy/e-Yantra/logistic-cobot/eyrc-24-25-logistic-cobot/install/ur_description:/home/rozy/ros2_ws/install/my_robot_interfaces:/home/rozy/ros2_ws/install/turtlesim_catch_them_all:/home/rozy/ros2_ws/install/my_py_pkg:/opt/ros/humble /usr/bin/cmake --build /home/rozy/e-Yantra/logistic-cobot/eyrc-24-25-logistic-cobot/build/ur_simulation_gazebo -- -j12 -l12
[0.718s] Invoked command in '/home/rozy/e-Yantra/logistic-cobot/eyrc-24-25-logistic-cobot/build/ur_simulation_gazebo' returned '0': AMENT_PREFIX_PATH=/home/rozy/e-Yantra/logistic-cobot/eyrc-24-25-logistic-cobot/install/ur_moveit_config:/home/rozy/e-Yantra/logistic-cobot/eyrc-24-25-logistic-cobot/install/ur_description:${AMENT_PREFIX_PATH} CMAKE_PREFIX_PATH=/home/rozy/e-Yantra/logistic-cobot/eyrc-24-25-logistic-cobot/install/ur_moveit_config:/home/rozy/e-Yantra/logistic-cobot/eyrc-24-25-logistic-cobot/install/ur_description:/home/rozy/ros2_ws/install/my_robot_interfaces:/home/rozy/ros2_ws/install/turtlesim_catch_them_all:/home/rozy/ros2_ws/install/my_py_pkg:/opt/ros/humble /usr/bin/cmake --build /home/rozy/e-Yantra/logistic-cobot/eyrc-24-25-logistic-cobot/build/ur_simulation_gazebo -- -j12 -l12
[0.730s] Invoking command in '/home/rozy/e-Yantra/logistic-cobot/eyrc-24-25-logistic-cobot/build/ur_simulation_gazebo': AMENT_PREFIX_PATH=/home/rozy/e-Yantra/logistic-cobot/eyrc-24-25-logistic-cobot/install/ur_moveit_config:/home/rozy/e-Yantra/logistic-cobot/eyrc-24-25-logistic-cobot/install/ur_description:${AMENT_PREFIX_PATH} CMAKE_PREFIX_PATH=/home/rozy/e-Yantra/logistic-cobot/eyrc-24-25-logistic-cobot/install/ur_moveit_config:/home/rozy/e-Yantra/logistic-cobot/eyrc-24-25-logistic-cobot/install/ur_description:/home/rozy/ros2_ws/install/my_robot_interfaces:/home/rozy/ros2_ws/install/turtlesim_catch_them_all:/home/rozy/ros2_ws/install/my_py_pkg:/opt/ros/humble /usr/bin/cmake --install /home/rozy/e-Yantra/logistic-cobot/eyrc-24-25-logistic-cobot/build/ur_simulation_gazebo
[0.735s] -- Install configuration: ""
[0.735s] -- Installing: /home/rozy/e-Yantra/logistic-cobot/eyrc-24-25-logistic-cobot/install/ur_simulation_gazebo/share/ur_simulation_gazebo/config
[0.735s] -- Installing: /home/rozy/e-Yantra/logistic-cobot/eyrc-24-25-logistic-cobot/install/ur_simulation_gazebo/share/ur_simulation_gazebo/config/config_file_here.txt
[0.735s] -- Installing: /home/rozy/e-Yantra/logistic-cobot/eyrc-24-25-logistic-cobot/install/ur_simulation_gazebo/share/ur_simulation_gazebo/launch
[0.735s] -- Installing: /home/rozy/e-Yantra/logistic-cobot/eyrc-24-25-logistic-cobot/install/ur_simulation_gazebo/share/ur_simulation_gazebo/launch/ur_sim_moveit.launch.py
[0.735s] -- Installing: /home/rozy/e-Yantra/logistic-cobot/eyrc-24-25-logistic-cobot/install/ur_simulation_gazebo/share/ur_simulation_gazebo/launch/ur_sim_control.launch.py
[0.735s] -- Installing: /home/rozy/e-Yantra/logistic-cobot/eyrc-24-25-logistic-cobot/install/ur_simulation_gazebo/share/ament_index/resource_index/package_run_dependencies/ur_simulation_gazebo
[0.735s] -- Installing: /home/rozy/e-Yantra/logistic-cobot/eyrc-24-25-logistic-cobot/install/ur_simulation_gazebo/share/ament_index/resource_index/parent_prefix_path/ur_simulation_gazebo
[0.735s] -- Installing: /home/rozy/e-Yantra/logistic-cobot/eyrc-24-25-logistic-cobot/install/ur_simulation_gazebo/share/ur_simulation_gazebo/environment/ament_prefix_path.sh
[0.735s] -- Installing: /home/rozy/e-Yantra/logistic-cobot/eyrc-24-25-logistic-cobot/install/ur_simulation_gazebo/share/ur_simulation_gazebo/environment/ament_prefix_path.dsv
[0.735s] -- Installing: /home/rozy/e-Yantra/logistic-cobot/eyrc-24-25-logistic-cobot/install/ur_simulation_gazebo/share/ur_simulation_gazebo/environment/path.sh
[0.735s] -- Installing: /home/rozy/e-Yantra/logistic-cobot/eyrc-24-25-logistic-cobot/install/ur_simulation_gazebo/share/ur_simulation_gazebo/environment/path.dsv
[0.735s] -- Installing: /home/rozy/e-Yantra/logistic-cobot/eyrc-24-25-logistic-cobot/install/ur_simulation_gazebo/share/ur_simulation_gazebo/local_setup.bash
[0.736s] -- Installing: /home/rozy/e-Yantra/logistic-cobot/eyrc-24-25-logistic-cobot/install/ur_simulation_gazebo/share/ur_simulation_gazebo/local_setup.sh
[0.736s] -- Installing: /home/rozy/e-Yantra/logistic-cobot/eyrc-24-25-logistic-cobot/install/ur_simulation_gazebo/share/ur_simulation_gazebo/local_setup.zsh
[0.736s] -- Installing: /home/rozy/e-Yantra/logistic-cobot/eyrc-24-25-logistic-cobot/install/ur_simulation_gazebo/share/ur_simulation_gazebo/local_setup.dsv
[0.736s] -- Installing: /home/rozy/e-Yantra/logistic-cobot/eyrc-24-25-logistic-cobot/install/ur_simulation_gazebo/share/ur_simulation_gazebo/package.dsv
[0.736s] -- Installing: /home/rozy/e-Yantra/logistic-cobot/eyrc-24-25-logistic-cobot/install/ur_simulation_gazebo/share/ament_index/resource_index/packages/ur_simulation_gazebo
[0.736s] -- Installing: /home/rozy/e-Yantra/logistic-cobot/eyrc-24-25-logistic-cobot/install/ur_simulation_gazebo/share/ur_simulation_gazebo/cmake/ur_simulation_gazeboConfig.cmake
[0.736s] -- Installing: /home/rozy/e-Yantra/logistic-cobot/eyrc-24-25-logistic-cobot/install/ur_simulation_gazebo/share/ur_simulation_gazebo/cmake/ur_simulation_gazeboConfig-version.cmake
[0.736s] -- Installing: /home/rozy/e-Yantra/logistic-cobot/eyrc-24-25-logistic-cobot/install/ur_simulation_gazebo/share/ur_simulation_gazebo/package.xml
[0.737s] Invoked command in '/home/rozy/e-Yantra/logistic-cobot/eyrc-24-25-logistic-cobot/build/ur_simulation_gazebo' returned '0': AMENT_PREFIX_PATH=/home/rozy/e-Yantra/logistic-cobot/eyrc-24-25-logistic-cobot/install/ur_moveit_config:/home/rozy/e-Yantra/logistic-cobot/eyrc-24-25-logistic-cobot/install/ur_description:${AMENT_PREFIX_PATH} CMAKE_PREFIX_PATH=/home/rozy/e-Yantra/logistic-cobot/eyrc-24-25-logistic-cobot/install/ur_moveit_config:/home/rozy/e-Yantra/logistic-cobot/eyrc-24-25-logistic-cobot/install/ur_description:/home/rozy/ros2_ws/install/my_robot_interfaces:/home/rozy/ros2_ws/install/turtlesim_catch_them_all:/home/rozy/ros2_ws/install/my_py_pkg:/opt/ros/humble /usr/bin/cmake --install /home/rozy/e-Yantra/logistic-cobot/eyrc-24-25-logistic-cobot/build/ur_simulation_gazebo
