[0.697s] Invoking command in '/home/rozy/e-Yantra/logistic-cobot/eyrc-24-25-logistic-cobot/ur5_control': PYTHONPATH=/home/rozy/e-Yantra/logistic-cobot/eyrc-24-25-logistic-cobot/build/ur5_control/prefix_override:/home/rozy/e-Yantra/logistic-cobot/eyrc-24-25-logistic-cobot/install/ur5_control/lib/python3.10/site-packages:${PYTHONPATH} /usr/bin/python3 setup.py egg_info --egg-base ../build/ur5_control build --build-base /home/rozy/e-Yantra/logistic-cobot/eyrc-24-25-logistic-cobot/build/ur5_control/build install --record /home/rozy/e-Yantra/logistic-cobot/eyrc-24-25-logistic-cobot/build/ur5_control/install.log --single-version-externally-managed
[0.873s] running egg_info
[0.874s] writing ../build/ur5_control/ur5_control.egg-info/PKG-INFO
[0.874s] writing dependency_links to ../build/ur5_control/ur5_control.egg-info/dependency_links.txt
[0.874s] writing entry points to ../build/ur5_control/ur5_control.egg-info/entry_points.txt
[0.874s] writing requirements to ../build/ur5_control/ur5_control.egg-info/requires.txt
[0.874s] writing top-level names to ../build/ur5_control/ur5_control.egg-info/top_level.txt
[0.876s] reading manifest file '../build/ur5_control/ur5_control.egg-info/SOURCES.txt'
[0.876s] writing manifest file '../build/ur5_control/ur5_control.egg-info/SOURCES.txt'
[0.877s] running build
[0.877s] running build_py
[0.877s] running install
[0.877s] running install_lib
[0.878s] running install_data
[0.879s] running install_egg_info
[0.880s] removing '/home/rozy/e-Yantra/logistic-cobot/eyrc-24-25-logistic-cobot/install/ur5_control/lib/python3.10/site-packages/ur5_control-0.0.0-py3.10.egg-info' (and everything under it)
[0.880s] Copying ../build/ur5_control/ur5_control.egg-info to /home/rozy/e-Yantra/logistic-cobot/eyrc-24-25-logistic-cobot/install/ur5_control/lib/python3.10/site-packages/ur5_control-0.0.0-py3.10.egg-info
[0.880s] running install_scripts
[0.897s] Installing task1b script to /home/rozy/e-Yantra/logistic-cobot/eyrc-24-25-logistic-cobot/install/ur5_control/lib/ur5_control
[0.897s] writing list of installed files to '/home/rozy/e-Yantra/logistic-cobot/eyrc-24-25-logistic-cobot/build/ur5_control/install.log'
[0.917s] Invoked command in '/home/rozy/e-Yantra/logistic-cobot/eyrc-24-25-logistic-cobot/ur5_control' returned '0': PYTHONPATH=/home/rozy/e-Yantra/logistic-cobot/eyrc-24-25-logistic-cobot/build/ur5_control/prefix_override:/home/rozy/e-Yantra/logistic-cobot/eyrc-24-25-logistic-cobot/install/ur5_control/lib/python3.10/site-packages:${PYTHONPATH} /usr/bin/python3 setup.py egg_info --egg-base ../build/ur5_control build --build-base /home/rozy/e-Yantra/logistic-cobot/eyrc-24-25-logistic-cobot/build/ur5_control/build install --record /home/rozy/e-Yantra/logistic-cobot/eyrc-24-25-logistic-cobot/build/ur5_control/install.log --single-version-externally-managed
