[0.111s] Invoking command in '/home/rozy/e-Yantra/logistic-cobot/eyrc-24-25-logistic-cobot/build/realsense_gazebo_plugin': CMAKE_PREFIX_PATH=${CMAKE_PREFIX_PATH}:/home/rozy/e-Yantra/logistic-cobot/eyrc-24-25-logistic-cobot/install/ur5_control:/home/rozy/ros2_ws/install/turtlesim_catch_them_all:/home/rozy/ros2_ws/install/my_py_pkg:/opt/ros/humble /usr/bin/cmake /home/rozy/e-Yantra/logistic-cobot/eyrc-24-25-logistic-cobot/realsense_gazebo_plugin -DAMENT_CMAKE_SYMLINK_INSTALL=1 -DCMAKE_INSTALL_PREFIX=/home/rozy/e-Yantra/logistic-cobot/eyrc-24-25-logistic-cobot/install/realsense_gazebo_plugin
[0.120s] -- Found ament_cmake: 1.3.7 (/opt/ros/humble/share/ament_cmake/cmake)
[0.255s] -- Override CMake install command with custom implementation using symlinks instead of copying resources
[0.262s] -- Found rclcpp: 16.0.8 (/opt/ros/humble/share/rclcpp/cmake)
[0.293s] -- Found rosidl_generator_c: 3.1.5 (/opt/ros/humble/share/rosidl_generator_c/cmake)
[0.295s] -- Found rosidl_adapter: 3.1.5 (/opt/ros/humble/share/rosidl_adapter/cmake)
[0.302s] -- Found rosidl_generator_cpp: 3.1.5 (/opt/ros/humble/share/rosidl_generator_cpp/cmake)
[0.314s] -- Using all available rosidl_typesupport_c: rosidl_typesupport_fastrtps_c;rosidl_typesupport_introspection_c
[0.332s] -- Using all available rosidl_typesupport_cpp: rosidl_typesupport_fastrtps_cpp;rosidl_typesupport_introspection_cpp
[0.396s] -- Found rmw_implementation_cmake: 6.1.1 (/opt/ros/humble/share/rmw_implementation_cmake/cmake)
[0.398s] -- Found rmw_fastrtps_cpp: 6.2.6 (/opt/ros/humble/share/rmw_fastrtps_cpp/cmake)
[0.524s] -- Using RMW implementation 'rmw_fastrtps_cpp' as default
[0.637s] -- Found gazebo_ros: 3.7.0 (/opt/ros/humble/share/gazebo_ros/cmake)
[0.666s] -- Found DART: /usr/include (Required is at least version "6.6") found components: dart 
[0.688s] -- Found Protobuf: /usr/lib/x86_64-linux-gnu/libprotobuf.so (found version "3.12.4") 
[0.690s] -- Looking for ignition-math6 -- found version 6.15.1
[0.693s] -- Searching for dependencies of ignition-math6
[0.694s] -- Looking for OGRE...
[0.697s] -- Found Ogre Ghadamon (1.9.0)
[0.698s] -- Found OGRE: optimized;/usr/lib/x86_64-linux-gnu/libOgreMain.so;debug;/usr/lib/x86_64-linux-gnu/libOgreMain.so
[0.704s] -- Looking for OGRE_Paging...
[0.704s] -- Found OGRE_Paging: optimized;/usr/lib/x86_64-linux-gnu/libOgrePaging.so;debug;/usr/lib/x86_64-linux-gnu/libOgrePaging.so
[0.705s] -- Looking for OGRE_Terrain...
[0.705s] -- Found OGRE_Terrain: optimized;/usr/lib/x86_64-linux-gnu/libOgreTerrain.so;debug;/usr/lib/x86_64-linux-gnu/libOgreTerrain.so
[0.705s] -- Looking for OGRE_Property...
[0.705s] -- Found OGRE_Property: optimized;/usr/lib/x86_64-linux-gnu/libOgreProperty.so;debug;/usr/lib/x86_64-linux-gnu/libOgreProperty.so
[0.705s] -- Looking for OGRE_RTShaderSystem...
[0.705s] -- Found OGRE_RTShaderSystem: optimized;/usr/lib/x86_64-linux-gnu/libOgreRTShaderSystem.so;debug;/usr/lib/x86_64-linux-gnu/libOgreRTShaderSystem.so
[0.705s] -- Looking for OGRE_Volume...
[0.705s] -- Found OGRE_Volume: optimized;/usr/lib/x86_64-linux-gnu/libOgreVolume.so;debug;/usr/lib/x86_64-linux-gnu/libOgreVolume.so
[0.705s] -- Looking for OGRE_Overlay...
[0.705s] -- Found OGRE_Overlay: optimized;/usr/lib/x86_64-linux-gnu/libOgreOverlay.so;debug;/usr/lib/x86_64-linux-gnu/libOgreOverlay.so
[0.780s] -- Looking for ignition-math6 -- found version 6.15.1
[0.780s] -- Looking for ignition-transport8 -- found version 8.2.1
[0.780s] -- Searching for dependencies of ignition-transport8
[0.792s] -- Found Protobuf: /usr/lib/x86_64-linux-gnu/libprotobuf.so (found suitable version "3.12.4", minimum required is "3") 
[0.799s] -- Config-file not installed for ZeroMQ -- checking for pkg-config
[0.802s] -- Checking for module 'libzmq >= 4'
[0.810s] --   Found libzmq , version 4.3.4
[0.832s] -- Checking for module 'uuid'
[0.839s] --   Found uuid, version 2.37.2
[0.857s] -- Looking for ignition-msgs5 -- found version 5.8.1
[0.857s] -- Searching for dependencies of ignition-msgs5
[0.869s] -- Looking for ignition-math6 -- found version 6.15.1
[0.872s] -- Checking for module 'tinyxml2'
[0.879s] --   Found tinyxml2, version 9.0.0
[0.898s] -- Looking for ignition-msgs5 -- found version 5.8.1
[0.898s] -- Looking for ignition-common3 -- found version 3.14.0
[0.899s] -- Searching for dependencies of ignition-common3
[0.899s] -- Looking for dlfcn.h - found
[0.899s] -- Looking for libdl - found
[0.908s] -- Searching for <ignition-common3> component [graphics]
[0.908s] -- Looking for ignition-common3-graphics -- found version 3.14.0
[0.909s] -- Searching for dependencies of ignition-common3-graphics
[0.909s] -- Looking for ignition-math6 -- found version 6.15.1
[0.910s] -- Looking for ignition-fuel_tools4 -- found version 4.4.0
[0.910s] -- Searching for dependencies of ignition-fuel_tools4
[0.938s] -- Checking for module 'jsoncpp'
[0.945s] --   Found jsoncpp, version 1.9.5
[0.965s] -- Checking for module 'libzip'
[0.971s] --   Found libzip, version 1.7.3
[0.990s] -- Looking for ignition-common3 -- found version 3.14.0
[0.990s] -- Looking for ignition-math6 -- found version 6.15.1
[0.991s] -- Looking for ignition-msgs5 -- found version 5.8.1
[0.991s] -- Gazebo version: 11.10
[0.995s] -- Found image_transport: 3.1.8 (/opt/ros/humble/share/image_transport/cmake)
[1.092s] -- Found camera_info_manager: 3.1.9 (/opt/ros/humble/share/camera_info_manager/cmake)
[1.127s] -- Found ament_lint_auto: 0.12.10 (/opt/ros/humble/share/ament_lint_auto/cmake)
[1.170s] -- Configuring done
[1.181s] -- Generating done
[1.182s] -- Build files have been written to: /home/rozy/e-Yantra/logistic-cobot/eyrc-24-25-logistic-cobot/build/realsense_gazebo_plugin
