[0.267s] Invoking command in '/home/rozy/e-Yantra/logistic-cobot/eyrc-24-25-logistic-cobot/build/ebot_description': CMAKE_PREFIX_PATH=${CMAKE_PREFIX_PATH}:/home/rozy/ros2_ws/install/turtlesim_catch_them_all:/home/rozy/ros2_ws/install/my_py_pkg:/opt/ros/humble /usr/bin/cmake /home/rozy/e-Yantra/logistic-cobot/eyrc-24-25-logistic-cobot/ebot_description -DCMAKE_INSTALL_PREFIX=/home/rozy/e-Yantra/logistic-cobot/eyrc-24-25-logistic-cobot/install/ebot_description
[0.550s] -- The C compiler identification is GNU 11.4.0
[0.551s] -- The CXX compiler identification is GNU 11.4.0
[0.551s] -- Detecting C compiler ABI info
[0.551s] -- Detecting C compiler ABI info - done
[0.551s] -- Check for working C compiler: /usr/bin/cc - skipped
[0.551s] -- Detecting C compile features
[0.551s] -- Detecting C compile features - done
[0.551s] -- Detecting CXX compiler ABI info
[0.573s] -- Detecting CXX compiler ABI info - done
[0.581s] -- Check for working CXX compiler: /usr/bin/c++ - skipped
[0.582s] -- Detecting CXX compile features
[0.582s] -- Detecting CXX compile features - done
[0.585s] -- Found ament_cmake: 1.3.7 (/opt/ros/humble/share/ament_cmake/cmake)
[0.758s] -- Found Python3: /usr/bin/python3.10 (found version "3.10.12") found components: Interpreter 
[0.837s] -- Found rclcpp: 16.0.8 (/opt/ros/humble/share/rclcpp/cmake)
[0.877s] -- Found rosidl_generator_c: 3.1.5 (/opt/ros/humble/share/rosidl_generator_c/cmake)
[0.882s] -- Found rosidl_adapter: 3.1.5 (/opt/ros/humble/share/rosidl_adapter/cmake)
[0.891s] -- Found rosidl_generator_cpp: 3.1.5 (/opt/ros/humble/share/rosidl_generator_cpp/cmake)
[0.906s] -- Using all available rosidl_typesupport_c: rosidl_typesupport_fastrtps_c;rosidl_typesupport_introspection_c
[0.927s] -- Using all available rosidl_typesupport_cpp: rosidl_typesupport_fastrtps_cpp;rosidl_typesupport_introspection_cpp
[1.005s] -- Found rmw_implementation_cmake: 6.1.1 (/opt/ros/humble/share/rmw_implementation_cmake/cmake)
[1.008s] -- Found rmw_fastrtps_cpp: 6.2.6 (/opt/ros/humble/share/rmw_fastrtps_cpp/cmake)
[1.096s] -- Found OpenSSL: /usr/lib/x86_64-linux-gnu/libcrypto.so (found version "3.0.2")  
[1.123s] -- Found FastRTPS: /opt/ros/humble/include  
[1.170s] -- Using RMW implementation 'rmw_fastrtps_cpp' as default
[1.177s] -- Looking for pthread.h
[1.239s] -- Looking for pthread.h - found
[1.240s] -- Performing Test CMAKE_HAVE_LIBC_PTHREAD
[1.292s] -- Performing Test CMAKE_HAVE_LIBC_PTHREAD - Success
[1.293s] -- Found Threads: TRUE  
[1.405s] -- Found rclpy: 3.3.11 (/opt/ros/humble/share/rclpy/cmake)
[1.406s] -- Found urdf: 2.6.0 (/opt/ros/humble/share/urdf/cmake)
[1.433s] -- Found xacro: 2.0.8 (/opt/ros/humble/share/xacro/cmake)
[1.434s] -- Found ament_lint_auto: 0.12.10 (/opt/ros/humble/share/ament_lint_auto/cmake)
[1.499s] -- Added test 'copyright' to check source files copyright and LICENSE
[1.502s] -- Added test 'flake8' to check Python code syntax and style conventions
[1.503s] -- Added test 'lint_cmake' to check CMake code style
[1.503s] -- Added test 'pep257' to check Python code against some of the docstring style conventions in PEP 257
[1.505s] -- Added test 'xmllint' to check XML markup files
[1.506s] -- Configuring done
[1.510s] -- Generating done
[1.511s] -- Build files have been written to: /home/rozy/e-Yantra/logistic-cobot/eyrc-24-25-logistic-cobot/build/ebot_description
[1.522s] Invoked command in '/home/rozy/e-Yantra/logistic-cobot/eyrc-24-25-logistic-cobot/build/ebot_description' returned '0': CMAKE_PREFIX_PATH=${CMAKE_PREFIX_PATH}:/home/rozy/ros2_ws/install/turtlesim_catch_them_all:/home/rozy/ros2_ws/install/my_py_pkg:/opt/ros/humble /usr/bin/cmake /home/rozy/e-Yantra/logistic-cobot/eyrc-24-25-logistic-cobot/ebot_description -DCMAKE_INSTALL_PREFIX=/home/rozy/e-Yantra/logistic-cobot/eyrc-24-25-logistic-cobot/install/ebot_description
[1.523s] Invoking command in '/home/rozy/e-Yantra/logistic-cobot/eyrc-24-25-logistic-cobot/build/ebot_description': CMAKE_PREFIX_PATH=${CMAKE_PREFIX_PATH}:/home/rozy/ros2_ws/install/turtlesim_catch_them_all:/home/rozy/ros2_ws/install/my_py_pkg:/opt/ros/humble /usr/bin/cmake --build /home/rozy/e-Yantra/logistic-cobot/eyrc-24-25-logistic-cobot/build/ebot_description -- -j12 -l12
[1.559s] Invoked command in '/home/rozy/e-Yantra/logistic-cobot/eyrc-24-25-logistic-cobot/build/ebot_description' returned '0': CMAKE_PREFIX_PATH=${CMAKE_PREFIX_PATH}:/home/rozy/ros2_ws/install/turtlesim_catch_them_all:/home/rozy/ros2_ws/install/my_py_pkg:/opt/ros/humble /usr/bin/cmake --build /home/rozy/e-Yantra/logistic-cobot/eyrc-24-25-logistic-cobot/build/ebot_description -- -j12 -l12
[1.645s] Invoking command in '/home/rozy/e-Yantra/logistic-cobot/eyrc-24-25-logistic-cobot/build/ebot_description': CMAKE_PREFIX_PATH=${CMAKE_PREFIX_PATH}:/home/rozy/ros2_ws/install/turtlesim_catch_them_all:/home/rozy/ros2_ws/install/my_py_pkg:/opt/ros/humble /usr/bin/cmake --install /home/rozy/e-Yantra/logistic-cobot/eyrc-24-25-logistic-cobot/build/ebot_description
[1.650s] -- Install configuration: ""
[1.650s] -- Installing: /home/rozy/e-Yantra/logistic-cobot/eyrc-24-25-logistic-cobot/install/ebot_description/share/ebot_description//launch
[1.651s] -- Installing: /home/rozy/e-Yantra/logistic-cobot/eyrc-24-25-logistic-cobot/install/ebot_description/share/ebot_description//launch/__pycache__
[1.651s] -- Installing: /home/rozy/e-Yantra/logistic-cobot/eyrc-24-25-logistic-cobot/install/ebot_description/share/ebot_description//launch/__pycache__/ebot_gazebo_launch.cpython-310.pyc
[1.651s] -- Installing: /home/rozy/e-Yantra/logistic-cobot/eyrc-24-25-logistic-cobot/install/ebot_description/share/ebot_description//launch/start_world_launch.py
[1.651s] -- Installing: /home/rozy/e-Yantra/logistic-cobot/eyrc-24-25-logistic-cobot/install/ebot_description/share/ebot_description//launch/start_world_task1b_launch.py
[1.651s] -- Installing: /home/rozy/e-Yantra/logistic-cobot/eyrc-24-25-logistic-cobot/install/ebot_description/share/ebot_description//launch/ebot_gazebo_launch.py
[1.651s] -- Installing: /home/rozy/e-Yantra/logistic-cobot/eyrc-24-25-logistic-cobot/install/ebot_description/share/ebot_description//launch/start_world_task1c_launch.py
[1.651s] -- Installing: /home/rozy/e-Yantra/logistic-cobot/eyrc-24-25-logistic-cobot/install/ebot_description/share/ebot_description//launch/spawn_robot.py
[1.651s] -- Installing: /home/rozy/e-Yantra/logistic-cobot/eyrc-24-25-logistic-cobot/install/ebot_description/share/ebot_description//worlds
[1.651s] -- Installing: /home/rozy/e-Yantra/logistic-cobot/eyrc-24-25-logistic-cobot/install/ebot_description/share/ebot_description//worlds/empty.world
[1.652s] -- Installing: /home/rozy/e-Yantra/logistic-cobot/eyrc-24-25-logistic-cobot/install/ebot_description/share/ebot_description//models
[1.652s] -- Installing: /home/rozy/e-Yantra/logistic-cobot/eyrc-24-25-logistic-cobot/install/ebot_description/share/ebot_description//models/ebot
[1.652s] -- Installing: /home/rozy/e-Yantra/logistic-cobot/eyrc-24-25-logistic-cobot/install/ebot_description/share/ebot_description//models/ebot/ebot_description.xacro
[1.652s] -- Installing: /home/rozy/e-Yantra/logistic-cobot/eyrc-24-25-logistic-cobot/install/ebot_description/share/ebot_description//models/ebot/ebot.gazebo
[1.652s] -- Installing: /home/rozy/e-Yantra/logistic-cobot/eyrc-24-25-logistic-cobot/install/ebot_description/share/ebot_description//meshes
[1.652s] -- Installing: /home/rozy/e-Yantra/logistic-cobot/eyrc-24-25-logistic-cobot/install/ebot_description/share/ebot_description//meshes/FWR.STL
[1.652s] -- Installing: /home/rozy/e-Yantra/logistic-cobot/eyrc-24-25-logistic-cobot/install/ebot_description/share/ebot_description//meshes/chassis.dae
[1.668s] -- Installing: /home/rozy/e-Yantra/logistic-cobot/eyrc-24-25-logistic-cobot/install/ebot_description/share/ebot_description//meshes/RHUS7.STL
[1.668s] -- Installing: /home/rozy/e-Yantra/logistic-cobot/eyrc-24-25-logistic-cobot/install/ebot_description/share/ebot_description//meshes/RHUS9.STL
[1.668s] -- Installing: /home/rozy/e-Yantra/logistic-cobot/eyrc-24-25-logistic-cobot/install/ebot_description/share/ebot_description//meshes/FUS1.STL
[1.668s] -- Installing: /home/rozy/e-Yantra/logistic-cobot/eyrc-24-25-logistic-cobot/install/ebot_description/share/ebot_description//meshes/RUS6.STL
[1.668s] -- Installing: /home/rozy/e-Yantra/logistic-cobot/eyrc-24-25-logistic-cobot/install/ebot_description/share/ebot_description//meshes/LHUS10.STL
[1.668s] -- Installing: /home/rozy/e-Yantra/logistic-cobot/eyrc-24-25-logistic-cobot/install/ebot_description/share/ebot_description//meshes/FUS3.STL
[1.668s] -- Installing: /home/rozy/e-Yantra/logistic-cobot/eyrc-24-25-logistic-cobot/install/ebot_description/share/ebot_description//meshes/RWR.STL
[1.668s] -- Installing: /home/rozy/e-Yantra/logistic-cobot/eyrc-24-25-logistic-cobot/install/ebot_description/share/ebot_description//meshes/LHUS9.STL
[1.669s] -- Installing: /home/rozy/e-Yantra/logistic-cobot/eyrc-24-25-logistic-cobot/install/ebot_description/share/ebot_description//meshes/FUS4.STL
[1.669s] -- Installing: /home/rozy/e-Yantra/logistic-cobot/eyrc-24-25-logistic-cobot/install/ebot_description/share/ebot_description//meshes/RWL.STL
[1.669s] -- Installing: /home/rozy/e-Yantra/logistic-cobot/eyrc-24-25-logistic-cobot/install/ebot_description/share/ebot_description//meshes/RUS5.STL
[1.669s] -- Installing: /home/rozy/e-Yantra/logistic-cobot/eyrc-24-25-logistic-cobot/install/ebot_description/share/ebot_description//meshes/FUS2.STL
[1.669s] -- Installing: /home/rozy/e-Yantra/logistic-cobot/eyrc-24-25-logistic-cobot/install/ebot_description/share/ebot_description//meshes/FWL.STL
[1.670s] -- Installing: /home/rozy/e-Yantra/logistic-cobot/eyrc-24-25-logistic-cobot/install/ebot_description/share/ebot_description//meshes/robot_base.stl
[1.670s] -- Installing: /home/rozy/e-Yantra/logistic-cobot/eyrc-24-25-logistic-cobot/install/ebot_description/share/ebot_description//plugins
[1.670s] -- Installing: /home/rozy/e-Yantra/logistic-cobot/eyrc-24-25-logistic-cobot/install/ebot_description/share/ebot_description//plugins/libgazebo_ros_vacuum_gripper.so
[1.672s] -- Installing: /home/rozy/e-Yantra/logistic-cobot/eyrc-24-25-logistic-cobot/install/ebot_description/share/ebot_description//plugins/libgazebo_collision_sensor.so
[1.674s] -- Installing: /home/rozy/e-Yantra/logistic-cobot/eyrc-24-25-logistic-cobot/install/ebot_description/share/ament_index/resource_index/package_run_dependencies/ebot_description
[1.674s] -- Installing: /home/rozy/e-Yantra/logistic-cobot/eyrc-24-25-logistic-cobot/install/ebot_description/share/ament_index/resource_index/parent_prefix_path/ebot_description
[1.674s] -- Installing: /home/rozy/e-Yantra/logistic-cobot/eyrc-24-25-logistic-cobot/install/ebot_description/share/ebot_description/environment/ament_prefix_path.sh
[1.674s] -- Installing: /home/rozy/e-Yantra/logistic-cobot/eyrc-24-25-logistic-cobot/install/ebot_description/share/ebot_description/environment/ament_prefix_path.dsv
[1.674s] -- Installing: /home/rozy/e-Yantra/logistic-cobot/eyrc-24-25-logistic-cobot/install/ebot_description/share/ebot_description/environment/path.sh
[1.674s] -- Installing: /home/rozy/e-Yantra/logistic-cobot/eyrc-24-25-logistic-cobot/install/ebot_description/share/ebot_description/environment/path.dsv
[1.674s] -- Installing: /home/rozy/e-Yantra/logistic-cobot/eyrc-24-25-logistic-cobot/install/ebot_description/share/ebot_description/local_setup.bash
[1.674s] -- Installing: /home/rozy/e-Yantra/logistic-cobot/eyrc-24-25-logistic-cobot/install/ebot_description/share/ebot_description/local_setup.sh
[1.674s] -- Installing: /home/rozy/e-Yantra/logistic-cobot/eyrc-24-25-logistic-cobot/install/ebot_description/share/ebot_description/local_setup.zsh
[1.674s] -- Installing: /home/rozy/e-Yantra/logistic-cobot/eyrc-24-25-logistic-cobot/install/ebot_description/share/ebot_description/local_setup.dsv
[1.674s] -- Installing: /home/rozy/e-Yantra/logistic-cobot/eyrc-24-25-logistic-cobot/install/ebot_description/share/ebot_description/package.dsv
[1.674s] -- Installing: /home/rozy/e-Yantra/logistic-cobot/eyrc-24-25-logistic-cobot/install/ebot_description/share/ament_index/resource_index/packages/ebot_description
[1.674s] -- Installing: /home/rozy/e-Yantra/logistic-cobot/eyrc-24-25-logistic-cobot/install/ebot_description/share/ebot_description/cmake/ebot_descriptionConfig.cmake
[1.675s] -- Installing: /home/rozy/e-Yantra/logistic-cobot/eyrc-24-25-logistic-cobot/install/ebot_description/share/ebot_description/cmake/ebot_descriptionConfig-version.cmake
[1.675s] -- Installing: /home/rozy/e-Yantra/logistic-cobot/eyrc-24-25-logistic-cobot/install/ebot_description/share/ebot_description/package.xml
[1.699s] Invoked command in '/home/rozy/e-Yantra/logistic-cobot/eyrc-24-25-logistic-cobot/build/ebot_description' returned '0': CMAKE_PREFIX_PATH=${CMAKE_PREFIX_PATH}:/home/rozy/ros2_ws/install/turtlesim_catch_them_all:/home/rozy/ros2_ws/install/my_py_pkg:/opt/ros/humble /usr/bin/cmake --install /home/rozy/e-Yantra/logistic-cobot/eyrc-24-25-logistic-cobot/build/ebot_description
