[0.702s] Invoking command in '/home/rozy/e-Yantra/logistic-cobot/eyrc-24-25-logistic-cobot/ur5_control': PYTHONPATH=/home/rozy/e-Yantra/logistic-cobot/eyrc-24-25-logistic-cobot/build/ur5_control/prefix_override:/home/rozy/e-Yantra/logistic-cobot/eyrc-24-25-logistic-cobot/install/ur5_control/lib/python3.10/site-packages:${PYTHONPATH} /usr/bin/python3 setup.py egg_info --egg-base ../build/ur5_control build --build-base /home/rozy/e-Yantra/logistic-cobot/eyrc-24-25-logistic-cobot/build/ur5_control/build install --record /home/rozy/e-Yantra/logistic-cobot/eyrc-24-25-logistic-cobot/build/ur5_control/install.log --single-version-externally-managed
[0.895s] running egg_info
[0.895s] creating ../build/ur5_control/ur5_control.egg-info
[0.895s] writing ../build/ur5_control/ur5_control.egg-info/PKG-INFO
[0.895s] writing dependency_links to ../build/ur5_control/ur5_control.egg-info/dependency_links.txt
[0.896s] writing entry points to ../build/ur5_control/ur5_control.egg-info/entry_points.txt
[0.896s] writing requirements to ../build/ur5_control/ur5_control.egg-info/requires.txt
[0.896s] writing top-level names to ../build/ur5_control/ur5_control.egg-info/top_level.txt
[0.896s] writing manifest file '../build/ur5_control/ur5_control.egg-info/SOURCES.txt'
[0.897s] reading manifest file '../build/ur5_control/ur5_control.egg-info/SOURCES.txt'
[0.898s] writing manifest file '../build/ur5_control/ur5_control.egg-info/SOURCES.txt'
[0.898s] running build
[0.898s] running build_py
[0.898s] creating /home/rozy/e-Yantra/logistic-cobot/eyrc-24-25-logistic-cobot/build/ur5_control/build
[0.898s] creating /home/rozy/e-Yantra/logistic-cobot/eyrc-24-25-logistic-cobot/build/ur5_control/build/lib
[0.899s] creating /home/rozy/e-Yantra/logistic-cobot/eyrc-24-25-logistic-cobot/build/ur5_control/build/lib/ur5_control
[0.899s] copying ur5_control/__init__.py -> /home/rozy/e-Yantra/logistic-cobot/eyrc-24-25-logistic-cobot/build/ur5_control/build/lib/ur5_control
[0.899s] copying ur5_control/task1b_boiler_plate.py -> /home/rozy/e-Yantra/logistic-cobot/eyrc-24-25-logistic-cobot/build/ur5_control/build/lib/ur5_control
[0.899s] running install
[0.899s] running install_lib
[0.900s] creating /home/rozy/e-Yantra/logistic-cobot/eyrc-24-25-logistic-cobot/install/ur5_control/lib/python3.10/site-packages/ur5_control
[0.900s] copying /home/rozy/e-Yantra/logistic-cobot/eyrc-24-25-logistic-cobot/build/ur5_control/build/lib/ur5_control/__init__.py -> /home/rozy/e-Yantra/logistic-cobot/eyrc-24-25-logistic-cobot/install/ur5_control/lib/python3.10/site-packages/ur5_control
[0.900s] copying /home/rozy/e-Yantra/logistic-cobot/eyrc-24-25-logistic-cobot/build/ur5_control/build/lib/ur5_control/task1b_boiler_plate.py -> /home/rozy/e-Yantra/logistic-cobot/eyrc-24-25-logistic-cobot/install/ur5_control/lib/python3.10/site-packages/ur5_control
[0.900s] byte-compiling /home/rozy/e-Yantra/logistic-cobot/eyrc-24-25-logistic-cobot/install/ur5_control/lib/python3.10/site-packages/ur5_control/__init__.py to __init__.cpython-310.pyc
[0.900s] byte-compiling /home/rozy/e-Yantra/logistic-cobot/eyrc-24-25-logistic-cobot/install/ur5_control/lib/python3.10/site-packages/ur5_control/task1b_boiler_plate.py to task1b_boiler_plate.cpython-310.pyc
[0.902s] running install_data
[0.902s] creating /home/rozy/e-Yantra/logistic-cobot/eyrc-24-25-logistic-cobot/install/ur5_control/share/ament_index
[0.902s] creating /home/rozy/e-Yantra/logistic-cobot/eyrc-24-25-logistic-cobot/install/ur5_control/share/ament_index/resource_index
[0.902s] creating /home/rozy/e-Yantra/logistic-cobot/eyrc-24-25-logistic-cobot/install/ur5_control/share/ament_index/resource_index/packages
[0.902s] copying resource/ur5_control -> /home/rozy/e-Yantra/logistic-cobot/eyrc-24-25-logistic-cobot/install/ur5_control/share/ament_index/resource_index/packages
[0.903s] copying package.xml -> /home/rozy/e-Yantra/logistic-cobot/eyrc-24-25-logistic-cobot/install/ur5_control/share/ur5_control
[0.903s] creating /home/rozy/e-Yantra/logistic-cobot/eyrc-24-25-logistic-cobot/install/ur5_control/lib/ur5_control
[0.903s] copying ur5_control/__init__.py -> /home/rozy/e-Yantra/logistic-cobot/eyrc-24-25-logistic-cobot/install/ur5_control/lib/ur5_control
[0.903s] running install_egg_info
[0.903s] Copying ../build/ur5_control/ur5_control.egg-info to /home/rozy/e-Yantra/logistic-cobot/eyrc-24-25-logistic-cobot/install/ur5_control/lib/python3.10/site-packages/ur5_control-0.0.0-py3.10.egg-info
[0.904s] running install_scripts
[0.923s] Installing task1b script to /home/rozy/e-Yantra/logistic-cobot/eyrc-24-25-logistic-cobot/install/ur5_control/lib/ur5_control
[0.924s] writing list of installed files to '/home/rozy/e-Yantra/logistic-cobot/eyrc-24-25-logistic-cobot/build/ur5_control/install.log'
[0.986s] Invoked command in '/home/rozy/e-Yantra/logistic-cobot/eyrc-24-25-logistic-cobot/ur5_control' returned '0': PYTHONPATH=/home/rozy/e-Yantra/logistic-cobot/eyrc-24-25-logistic-cobot/build/ur5_control/prefix_override:/home/rozy/e-Yantra/logistic-cobot/eyrc-24-25-logistic-cobot/install/ur5_control/lib/python3.10/site-packages:${PYTHONPATH} /usr/bin/python3 setup.py egg_info --egg-base ../build/ur5_control build --build-base /home/rozy/e-Yantra/logistic-cobot/eyrc-24-25-logistic-cobot/build/ur5_control/build install --record /home/rozy/e-Yantra/logistic-cobot/eyrc-24-25-logistic-cobot/build/ur5_control/install.log --single-version-externally-managed
