[0.322s] Invoking command in '/home/rozy/e-Yantra/logistic-cobot/eyrc-24-25-logistic-cobot/build/ebot_description': CMAKE_PREFIX_PATH=${CMAKE_PREFIX_PATH}:/home/rozy/e-Yantra/logistic-cobot/eyrc-24-25-logistic-cobot/install/ur5_control:/home/rozy/ros2_ws/install/turtlesim_catch_them_all:/home/rozy/ros2_ws/install/my_py_pkg:/opt/ros/humble /usr/bin/cmake /home/rozy/e-Yantra/logistic-cobot/eyrc-24-25-logistic-cobot/ebot_description -DCMAKE_INSTALL_PREFIX=/home/rozy/e-Yantra/logistic-cobot/eyrc-24-25-logistic-cobot/install/ebot_description
[0.333s] -- Found ament_cmake: 1.3.7 (/opt/ros/humble/share/ament_cmake/cmake)
[0.476s] -- Override CMake install command with custom implementation using symlinks instead of copying resources
[0.483s] -- Found rclcpp: 16.0.8 (/opt/ros/humble/share/rclcpp/cmake)
[0.515s] -- Found rosidl_generator_c: 3.1.5 (/opt/ros/humble/share/rosidl_generator_c/cmake)
[0.517s] -- Found rosidl_adapter: 3.1.5 (/opt/ros/humble/share/rosidl_adapter/cmake)
[0.524s] -- Found rosidl_generator_cpp: 3.1.5 (/opt/ros/humble/share/rosidl_generator_cpp/cmake)
[0.536s] -- Using all available rosidl_typesupport_c: rosidl_typesupport_fastrtps_c;rosidl_typesupport_introspection_c
[0.552s] -- Using all available rosidl_typesupport_cpp: rosidl_typesupport_fastrtps_cpp;rosidl_typesupport_introspection_cpp
[0.592s] -- Found rmw_implementation_cmake: 6.1.1 (/opt/ros/humble/share/rmw_implementation_cmake/cmake)
[0.593s] -- Found rmw_fastrtps_cpp: 6.2.6 (/opt/ros/humble/share/rmw_fastrtps_cpp/cmake)
[0.676s] -- Using RMW implementation 'rmw_fastrtps_cpp' as default
[0.783s] -- Found rclpy: 3.3.11 (/opt/ros/humble/share/rclpy/cmake)
[0.783s] -- Found urdf: 2.6.0 (/opt/ros/humble/share/urdf/cmake)
[0.797s] -- Found xacro: 2.0.8 (/opt/ros/humble/share/xacro/cmake)
[0.797s] -- Found ament_lint_auto: 0.12.10 (/opt/ros/humble/share/ament_lint_auto/cmake)
[0.850s] -- Added test 'copyright' to check source files copyright and LICENSE
[0.853s] -- Added test 'flake8' to check Python code syntax and style conventions
[0.853s] -- Added test 'lint_cmake' to check CMake code style
[0.854s] -- Added test 'pep257' to check Python code against some of the docstring style conventions in PEP 257
[0.856s] -- Added test 'xmllint' to check XML markup files
[0.856s] -- Configuring done
[0.860s] -- Generating done
[0.862s] -- Build files have been written to: /home/rozy/e-Yantra/logistic-cobot/eyrc-24-25-logistic-cobot/build/ebot_description
