[0.124s] Invoking command in '/home/rozy/e-Yantra/logistic-cobot/eyrc-24-25-logistic-cobot/build/realsense_gazebo_plugin': CMAKE_PREFIX_PATH=${CMAKE_PREFIX_PATH}:/home/rozy/e-Yantra/logistic-cobot/eyrc-24-25-logistic-cobot/install/ur5_control:/home/rozy/ros2_ws/install/turtlesim_catch_them_all:/home/rozy/ros2_ws/install/my_py_pkg:/opt/ros/humble /usr/bin/cmake /home/rozy/e-Yantra/logistic-cobot/eyrc-24-25-logistic-cobot/realsense_gazebo_plugin -DAMENT_CMAKE_SYMLINK_INSTALL=1 -DCMAKE_INSTALL_PREFIX=/home/rozy/e-Yantra/logistic-cobot/eyrc-24-25-logistic-cobot/install/realsense_gazebo_plugin
[0.137s] -- Found ament_cmake: 1.3.7 (/opt/ros/humble/share/ament_cmake/cmake)
[0.250s] -- Override CMake install command with custom implementation using symlinks instead of copying resources
[0.255s] -- Found rclcpp: 16.0.8 (/opt/ros/humble/share/rclcpp/cmake)
[0.282s] -- Found rosidl_generator_c: 3.1.5 (/opt/ros/humble/share/rosidl_generator_c/cmake)
[0.285s] -- Found rosidl_adapter: 3.1.5 (/opt/ros/humble/share/rosidl_adapter/cmake)
[0.289s] -- Found rosidl_generator_cpp: 3.1.5 (/opt/ros/humble/share/rosidl_generator_cpp/cmake)
[0.296s] -- Using all available rosidl_typesupport_c: rosidl_typesupport_fastrtps_c;rosidl_typesupport_introspection_c
[0.307s] -- Using all available rosidl_typesupport_cpp: rosidl_typesupport_fastrtps_cpp;rosidl_typesupport_introspection_cpp
[0.348s] -- Found rmw_implementation_cmake: 6.1.1 (/opt/ros/humble/share/rmw_implementation_cmake/cmake)
[0.349s] -- Found rmw_fastrtps_cpp: 6.2.6 (/opt/ros/humble/share/rmw_fastrtps_cpp/cmake)
[0.456s] -- Using RMW implementation 'rmw_fastrtps_cpp' as default
[0.600s] -- Found gazebo_ros: 3.7.0 (/opt/ros/humble/share/gazebo_ros/cmake)
[0.625s] -- Found DART: /usr/include (Required is at least version "6.6") found components: dart 
[0.647s] -- Found Protobuf: /usr/lib/x86_64-linux-gnu/libprotobuf.so (found version "3.12.4") 
[0.648s] -- Looking for ignition-math6 -- found version 6.15.1
[0.651s] -- Searching for dependencies of ignition-math6
[0.652s] -- Looking for OGRE...
[0.656s] -- Found Ogre Ghadamon (1.9.0)
[0.657s] -- Found OGRE: optimized;/usr/lib/x86_64-linux-gnu/libOgreMain.so;debug;/usr/lib/x86_64-linux-gnu/libOgreMain.so
[0.664s] -- Looking for OGRE_Paging...
[0.664s] -- Found OGRE_Paging: optimized;/usr/lib/x86_64-linux-gnu/libOgrePaging.so;debug;/usr/lib/x86_64-linux-gnu/libOgrePaging.so
[0.665s] -- Looking for OGRE_Terrain...
[0.665s] -- Found OGRE_Terrain: optimized;/usr/lib/x86_64-linux-gnu/libOgreTerrain.so;debug;/usr/lib/x86_64-linux-gnu/libOgreTerrain.so
[0.665s] -- Looking for OGRE_Property...
[0.665s] -- Found OGRE_Property: optimized;/usr/lib/x86_64-linux-gnu/libOgreProperty.so;debug;/usr/lib/x86_64-linux-gnu/libOgreProperty.so
[0.665s] -- Looking for OGRE_RTShaderSystem...
[0.665s] -- Found OGRE_RTShaderSystem: optimized;/usr/lib/x86_64-linux-gnu/libOgreRTShaderSystem.so;debug;/usr/lib/x86_64-linux-gnu/libOgreRTShaderSystem.so
[0.665s] -- Looking for OGRE_Volume...
[0.665s] -- Found OGRE_Volume: optimized;/usr/lib/x86_64-linux-gnu/libOgreVolume.so;debug;/usr/lib/x86_64-linux-gnu/libOgreVolume.so
[0.665s] -- Looking for OGRE_Overlay...
[0.665s] -- Found OGRE_Overlay: optimized;/usr/lib/x86_64-linux-gnu/libOgreOverlay.so;debug;/usr/lib/x86_64-linux-gnu/libOgreOverlay.so
[0.746s] -- Looking for ignition-math6 -- found version 6.15.1
[0.747s] -- Looking for ignition-transport8 -- found version 8.2.1
[0.747s] -- Searching for dependencies of ignition-transport8
[0.760s] -- Found Protobuf: /usr/lib/x86_64-linux-gnu/libprotobuf.so (found suitable version "3.12.4", minimum required is "3") 
[0.768s] -- Config-file not installed for ZeroMQ -- checking for pkg-config
[0.772s] -- Checking for module 'libzmq >= 4'
[0.783s] --   Found libzmq , version 4.3.4
[0.811s] -- Checking for module 'uuid'
[0.820s] --   Found uuid, version 2.37.2
[0.840s] -- Looking for ignition-msgs5 -- found version 5.8.1
[0.840s] -- Searching for dependencies of ignition-msgs5
[0.853s] -- Looking for ignition-math6 -- found version 6.15.1
[0.857s] -- Checking for module 'tinyxml2'
[0.865s] --   Found tinyxml2, version 9.0.0
[0.886s] -- Looking for ignition-msgs5 -- found version 5.8.1
[0.886s] -- Looking for ignition-common3 -- found version 3.14.0
[0.886s] -- Searching for dependencies of ignition-common3
[0.886s] -- Looking for dlfcn.h - found
[0.886s] -- Looking for libdl - found
[0.896s] -- Searching for <ignition-common3> component [graphics]
[0.897s] -- Looking for ignition-common3-graphics -- found version 3.14.0
[0.897s] -- Searching for dependencies of ignition-common3-graphics
[0.897s] -- Looking for ignition-math6 -- found version 6.15.1
[0.898s] -- Looking for ignition-fuel_tools4 -- found version 4.4.0
[0.898s] -- Searching for dependencies of ignition-fuel_tools4
[0.925s] -- Checking for module 'jsoncpp'
[0.933s] --   Found jsoncpp, version 1.9.5
[0.957s] -- Checking for module 'libzip'
[0.967s] --   Found libzip, version 1.7.3
[0.989s] -- Looking for ignition-common3 -- found version 3.14.0
[0.989s] -- Looking for ignition-math6 -- found version 6.15.1
[0.990s] -- Looking for ignition-msgs5 -- found version 5.8.1
[0.991s] -- Gazebo version: 11.10
[0.996s] -- Found image_transport: 3.1.8 (/opt/ros/humble/share/image_transport/cmake)
[1.104s] -- Found camera_info_manager: 3.1.9 (/opt/ros/humble/share/camera_info_manager/cmake)
[1.143s] -- Found ament_lint_auto: 0.12.10 (/opt/ros/humble/share/ament_lint_auto/cmake)
[1.189s] -- Configuring done
[1.201s] -- Generating done
[1.202s] -- Build files have been written to: /home/rozy/e-Yantra/logistic-cobot/eyrc-24-25-logistic-cobot/build/realsense_gazebo_plugin
