[0.166s] Invoking command in '/home/rozy/e-Yantra/logistic-cobot/eyrc-24-25-logistic-cobot/build/linkattacher_msgs': CMAKE_PREFIX_PATH=${CMAKE_PREFIX_PATH}:/home/rozy/ros2_ws/install/turtlesim_catch_them_all:/home/rozy/ros2_ws/install/my_py_pkg:/opt/ros/humble /usr/bin/cmake /home/rozy/e-Yantra/logistic-cobot/eyrc-24-25-logistic-cobot/linkattacher_msgs -DCMAKE_INSTALL_PREFIX=/home/rozy/e-Yantra/logistic-cobot/eyrc-24-25-logistic-cobot/install/linkattacher_msgs
[0.448s] -- The C compiler identification is GNU 11.4.0
[0.448s] -- The CXX compiler identification is GNU 11.4.0
[0.448s] -- Detecting C compiler ABI info
[0.448s] -- Detecting C compiler ABI info - done
[0.448s] -- Check for working C compiler: /usr/bin/cc - skipped
[0.449s] -- Detecting C compile features
[0.449s] -- Detecting C compile features - done
[0.449s] -- Detecting CXX compiler ABI info
[0.457s] -- Detecting CXX compiler ABI info - done
[0.464s] -- Check for working CXX compiler: /usr/bin/c++ - skipped
[0.464s] -- Detecting CXX compile features
[0.465s] -- Detecting CXX compile features - done
[0.467s] -- Found ament_cmake: 1.3.7 (/opt/ros/humble/share/ament_cmake/cmake)
[0.628s] -- Found Python3: /usr/bin/python3.10 (found version "3.10.12") found components: Interpreter 
[0.694s] -- Found ament_lint_auto: 0.12.10 (/opt/ros/humble/share/ament_lint_auto/cmake)
[0.771s] -- Found rosidl_default_generators: 1.2.0 (/opt/ros/humble/share/rosidl_default_generators/cmake)
[0.774s] -- Using all available rosidl_typesupport_c: rosidl_typesupport_fastrtps_c;rosidl_typesupport_introspection_c
[0.779s] -- Found rosidl_adapter: 3.1.5 (/opt/ros/humble/share/rosidl_adapter/cmake)
[0.809s] -- Using all available rosidl_typesupport_cpp: rosidl_typesupport_fastrtps_cpp;rosidl_typesupport_introspection_cpp
[1.010s] -- Found ament_cmake_ros: 0.10.0 (/opt/ros/humble/share/ament_cmake_ros/cmake)
[1.174s] -- Using all available rosidl_typesupport_c: rosidl_typesupport_fastrtps_c;rosidl_typesupport_introspection_c
[1.356s] -- Using all available rosidl_typesupport_cpp: rosidl_typesupport_fastrtps_cpp;rosidl_typesupport_introspection_cpp
[1.376s] -- Found PythonInterp: /usr/bin/python3 (found suitable version "3.10.12", minimum required is "3.6") 
[1.377s] -- Found python_cmake_module: 0.10.0 (/opt/ros/humble/share/python_cmake_module/cmake)
[1.396s] -- Found PythonLibs: /usr/lib/x86_64-linux-gnu/libpython3.10.so (found suitable version "3.10.12", minimum required is "3.5") 
[1.396s] -- Using PYTHON_EXECUTABLE: /usr/bin/python3
[1.397s] -- Using PYTHON_INCLUDE_DIRS: /usr/include/python3.10
[1.397s] -- Using PYTHON_LIBRARIES: /usr/lib/x86_64-linux-gnu/libpython3.10.so
[1.414s] -- Found PythonExtra: .so  
[1.438s] -- Added test 'copyright' to check source files copyright and LICENSE
[1.439s] -- Added test 'lint_cmake' to check CMake code style
[1.439s] -- Added test 'xmllint' to check XML markup files
[1.443s] -- Configuring done
[1.459s] -- Generating done
[1.460s] -- Build files have been written to: /home/rozy/e-Yantra/logistic-cobot/eyrc-24-25-logistic-cobot/build/linkattacher_msgs
[1.541s] Invoked command in '/home/rozy/e-Yantra/logistic-cobot/eyrc-24-25-logistic-cobot/build/linkattacher_msgs' returned '0': CMAKE_PREFIX_PATH=${CMAKE_PREFIX_PATH}:/home/rozy/ros2_ws/install/turtlesim_catch_them_all:/home/rozy/ros2_ws/install/my_py_pkg:/opt/ros/humble /usr/bin/cmake /home/rozy/e-Yantra/logistic-cobot/eyrc-24-25-logistic-cobot/linkattacher_msgs -DCMAKE_INSTALL_PREFIX=/home/rozy/e-Yantra/logistic-cobot/eyrc-24-25-logistic-cobot/install/linkattacher_msgs
[1.542s] Invoking command in '/home/rozy/e-Yantra/logistic-cobot/eyrc-24-25-logistic-cobot/build/linkattacher_msgs': CMAKE_PREFIX_PATH=${CMAKE_PREFIX_PATH}:/home/rozy/ros2_ws/install/turtlesim_catch_them_all:/home/rozy/ros2_ws/install/my_py_pkg:/opt/ros/humble /usr/bin/cmake --build /home/rozy/e-Yantra/logistic-cobot/eyrc-24-25-logistic-cobot/build/linkattacher_msgs -- -j12 -l12
[1.568s] [  2%] [34m[1mGenerating C code for ROS interfaces[0m
[1.575s] [  5%] [34m[1mGenerating C++ code for ROS interfaces[0m
[1.580s] [  5%] Built target ament_cmake_python_copy_linkattacher_msgs
[1.737s] running egg_info
[1.738s] creating linkattacher_msgs.egg-info
[1.738s] writing linkattacher_msgs.egg-info/PKG-INFO
[1.738s] writing dependency_links to linkattacher_msgs.egg-info/dependency_links.txt
[1.738s] writing top-level names to linkattacher_msgs.egg-info/top_level.txt
[1.738s] writing manifest file 'linkattacher_msgs.egg-info/SOURCES.txt'
[1.740s] reading manifest file 'linkattacher_msgs.egg-info/SOURCES.txt'
[1.740s] writing manifest file 'linkattacher_msgs.egg-info/SOURCES.txt'
[1.761s] [  5%] Built target ament_cmake_python_build_linkattacher_msgs_egg
[1.855s] [  5%] Built target linkattacher_msgs__cpp
[1.862s] [  7%] [34m[1mGenerating C++ introspection for ROS interfaces[0m
[1.862s] [ 10%] [34m[1mGenerating C++ type support for eProsima Fast-RTPS[0m
[1.862s] [ 12%] [34m[1mGenerating C++ type support dispatch for ROS interfaces[0m
[1.874s] [ 15%] [32mBuilding C object CMakeFiles/linkattacher_msgs__rosidl_generator_c.dir/rosidl_generator_c/linkattacher_msgs/srv/detail/attach_link__functions.c.o[0m
[1.875s] [ 17%] [32mBuilding C object CMakeFiles/linkattacher_msgs__rosidl_generator_c.dir/rosidl_generator_c/linkattacher_msgs/srv/detail/detach_link__functions.c.o[0m
[1.931s] [ 20%] [32m[1mLinking C shared library liblinkattacher_msgs__rosidl_generator_c.so[0m
[1.955s] [ 20%] Built target linkattacher_msgs__rosidl_generator_c
[1.962s] [ 23%] [34m[1mGenerating C type support for eProsima Fast-RTPS[0m
[1.964s] [ 28%] [34m[1mGenerating C type support dispatch for ROS interfaces[0m
[1.964s] [ 28%] [34m[1mGenerating C introspection for ROS interfaces[0m
[2.121s] [ 30%] [32mBuilding CXX object CMakeFiles/linkattacher_msgs__rosidl_typesupport_cpp.dir/rosidl_typesupport_cpp/linkattacher_msgs/srv/detach_link__type_support.cpp.o[0m
[2.122s] [ 33%] [32mBuilding CXX object CMakeFiles/linkattacher_msgs__rosidl_typesupport_cpp.dir/rosidl_typesupport_cpp/linkattacher_msgs/srv/attach_link__type_support.cpp.o[0m
[2.141s] [ 38%] [32mBuilding CXX object CMakeFiles/linkattacher_msgs__rosidl_typesupport_introspection_cpp.dir/rosidl_typesupport_introspection_cpp/linkattacher_msgs/srv/detail/attach_link__type_support.cpp.o[0m
[2.142s] [ 38%] [32mBuilding CXX object CMakeFiles/linkattacher_msgs__rosidl_typesupport_introspection_cpp.dir/rosidl_typesupport_introspection_cpp/linkattacher_msgs/srv/detail/detach_link__type_support.cpp.o[0m
[2.239s] [ 43%] [32mBuilding CXX object CMakeFiles/linkattacher_msgs__rosidl_typesupport_fastrtps_cpp.dir/rosidl_typesupport_fastrtps_cpp/linkattacher_msgs/srv/detail/dds_fastrtps/attach_link__type_support.cpp.o[0m
[2.240s] [ 43%] [32mBuilding CXX object CMakeFiles/linkattacher_msgs__rosidl_typesupport_fastrtps_cpp.dir/rosidl_typesupport_fastrtps_cpp/linkattacher_msgs/srv/detail/dds_fastrtps/detach_link__type_support.cpp.o[0m
[2.300s] [ 48%] [32mBuilding CXX object CMakeFiles/linkattacher_msgs__rosidl_typesupport_fastrtps_c.dir/rosidl_typesupport_fastrtps_c/linkattacher_msgs/srv/detail/attach_link__type_support_c.cpp.o[0m
[2.301s] [ 48%] [32mBuilding CXX object CMakeFiles/linkattacher_msgs__rosidl_typesupport_fastrtps_c.dir/rosidl_typesupport_fastrtps_c/linkattacher_msgs/srv/detail/detach_link__type_support_c.cpp.o[0m
[2.406s] [ 51%] [32mBuilding CXX object CMakeFiles/linkattacher_msgs__rosidl_typesupport_c.dir/rosidl_typesupport_c/linkattacher_msgs/srv/attach_link__type_support.cpp.o[0m
[2.406s] [ 53%] [32m[1mLinking CXX shared library liblinkattacher_msgs__rosidl_typesupport_cpp.so[0m
[2.407s] [ 56%] [32mBuilding CXX object CMakeFiles/linkattacher_msgs__rosidl_typesupport_c.dir/rosidl_typesupport_c/linkattacher_msgs/srv/detach_link__type_support.cpp.o[0m
[2.450s] [ 58%] [32m[1mLinking CXX shared library liblinkattacher_msgs__rosidl_typesupport_c.so[0m
[2.460s] [ 61%] [32mBuilding C object CMakeFiles/linkattacher_msgs__rosidl_typesupport_introspection_c.dir/rosidl_typesupport_introspection_c/linkattacher_msgs/srv/detail/detach_link__type_support.c.o[0m
[2.460s] [ 64%] [32mBuilding C object CMakeFiles/linkattacher_msgs__rosidl_typesupport_introspection_c.dir/rosidl_typesupport_introspection_c/linkattacher_msgs/srv/detail/attach_link__type_support.c.o[0m
[2.470s] [ 64%] Built target linkattacher_msgs__rosidl_typesupport_cpp
[2.498s] [ 64%] Built target linkattacher_msgs__rosidl_typesupport_c
[2.498s] [ 66%] [32m[1mLinking C shared library liblinkattacher_msgs__rosidl_typesupport_introspection_c.so[0m
[2.523s] [ 66%] Built target linkattacher_msgs__rosidl_typesupport_introspection_c
[2.540s] [ 69%] [32m[1mLinking CXX shared library liblinkattacher_msgs__rosidl_typesupport_introspection_cpp.so[0m
[2.589s] [ 69%] Built target linkattacher_msgs__rosidl_typesupport_introspection_cpp
[2.663s] [ 71%] [32m[1mLinking CXX shared library liblinkattacher_msgs__rosidl_typesupport_fastrtps_cpp.so[0m
[2.664s] [ 74%] [32m[1mLinking CXX shared library liblinkattacher_msgs__rosidl_typesupport_fastrtps_c.so[0m
[2.720s] [ 74%] Built target linkattacher_msgs__rosidl_typesupport_fastrtps_cpp
[2.722s] [ 74%] Built target linkattacher_msgs__rosidl_typesupport_fastrtps_c
[2.735s] [ 74%] Built target linkattacher_msgs
[2.747s] [ 76%] [34m[1mGenerating Python code for ROS interfaces[0m
[3.162s] [ 76%] Built target linkattacher_msgs__py
[3.175s] [ 82%] [32mBuilding C object CMakeFiles/linkattacher_msgs__rosidl_generator_py.dir/rosidl_generator_py/linkattacher_msgs/srv/_attach_link_s.c.o[0m
[3.175s] [ 82%] [32mBuilding C object CMakeFiles/linkattacher_msgs__rosidl_generator_py.dir/rosidl_generator_py/linkattacher_msgs/srv/_detach_link_s.c.o[0m
[3.249s] [ 84%] [32m[1mLinking C shared library rosidl_generator_py/linkattacher_msgs/liblinkattacher_msgs__rosidl_generator_py.so[0m
[3.276s] [ 84%] Built target linkattacher_msgs__rosidl_generator_py
[3.289s] [ 89%] [32mBuilding C object CMakeFiles/linkattacher_msgs__rosidl_typesupport_introspection_c__pyext.dir/rosidl_generator_py/linkattacher_msgs/_linkattacher_msgs_s.ep.rosidl_typesupport_introspection_c.c.o[0m
[3.289s] [ 89%] [32mBuilding C object CMakeFiles/linkattacher_msgs__rosidl_typesupport_c__pyext.dir/rosidl_generator_py/linkattacher_msgs/_linkattacher_msgs_s.ep.rosidl_typesupport_c.c.o[0m
[3.289s] [ 92%] [32mBuilding C object CMakeFiles/linkattacher_msgs__rosidl_typesupport_fastrtps_c__pyext.dir/rosidl_generator_py/linkattacher_msgs/_linkattacher_msgs_s.ep.rosidl_typesupport_fastrtps_c.c.o[0m
[3.352s] [ 97%] [32m[1mLinking C shared library rosidl_generator_py/linkattacher_msgs/linkattacher_msgs_s__rosidl_typesupport_c.cpython-310-x86_64-linux-gnu.so[0m
[3.352s] [ 97%] [32m[1mLinking C shared library rosidl_generator_py/linkattacher_msgs/linkattacher_msgs_s__rosidl_typesupport_introspection_c.cpython-310-x86_64-linux-gnu.so[0m
[3.353s] [100%] [32m[1mLinking C shared library rosidl_generator_py/linkattacher_msgs/linkattacher_msgs_s__rosidl_typesupport_fastrtps_c.cpython-310-x86_64-linux-gnu.so[0m
[3.376s] [100%] Built target linkattacher_msgs__rosidl_typesupport_c__pyext
[3.376s] [100%] Built target linkattacher_msgs__rosidl_typesupport_introspection_c__pyext
[3.376s] [100%] Built target linkattacher_msgs__rosidl_typesupport_fastrtps_c__pyext
[3.384s] Invoked command in '/home/rozy/e-Yantra/logistic-cobot/eyrc-24-25-logistic-cobot/build/linkattacher_msgs' returned '0': CMAKE_PREFIX_PATH=${CMAKE_PREFIX_PATH}:/home/rozy/ros2_ws/install/turtlesim_catch_them_all:/home/rozy/ros2_ws/install/my_py_pkg:/opt/ros/humble /usr/bin/cmake --build /home/rozy/e-Yantra/logistic-cobot/eyrc-24-25-logistic-cobot/build/linkattacher_msgs -- -j12 -l12
[3.428s] Invoking command in '/home/rozy/e-Yantra/logistic-cobot/eyrc-24-25-logistic-cobot/build/linkattacher_msgs': CMAKE_PREFIX_PATH=${CMAKE_PREFIX_PATH}:/home/rozy/ros2_ws/install/turtlesim_catch_them_all:/home/rozy/ros2_ws/install/my_py_pkg:/opt/ros/humble /usr/bin/cmake --install /home/rozy/e-Yantra/logistic-cobot/eyrc-24-25-logistic-cobot/build/linkattacher_msgs
[3.434s] -- Install configuration: ""
[3.434s] -- Installing: /home/rozy/e-Yantra/logistic-cobot/eyrc-24-25-logistic-cobot/install/linkattacher_msgs/share/linkattacher_msgs/srv
[3.434s] -- Installing: /home/rozy/e-Yantra/logistic-cobot/eyrc-24-25-logistic-cobot/install/linkattacher_msgs/share/linkattacher_msgs/srv/AttachLink.srv
[3.434s] -- Installing: /home/rozy/e-Yantra/logistic-cobot/eyrc-24-25-logistic-cobot/install/linkattacher_msgs/share/linkattacher_msgs/srv/DetachLink.srv
[3.434s] -- Installing: /home/rozy/e-Yantra/logistic-cobot/eyrc-24-25-logistic-cobot/install/linkattacher_msgs/share/ament_index/resource_index/rosidl_interfaces/linkattacher_msgs
[3.435s] -- Installing: /home/rozy/e-Yantra/logistic-cobot/eyrc-24-25-logistic-cobot/install/linkattacher_msgs/include/linkattacher_msgs/linkattacher_msgs
[3.435s] -- Installing: /home/rozy/e-Yantra/logistic-cobot/eyrc-24-25-logistic-cobot/install/linkattacher_msgs/include/linkattacher_msgs/linkattacher_msgs/msg
[3.435s] -- Installing: /home/rozy/e-Yantra/logistic-cobot/eyrc-24-25-logistic-cobot/install/linkattacher_msgs/include/linkattacher_msgs/linkattacher_msgs/msg/rosidl_generator_c__visibility_control.h
[3.435s] -- Installing: /home/rozy/e-Yantra/logistic-cobot/eyrc-24-25-logistic-cobot/install/linkattacher_msgs/include/linkattacher_msgs/linkattacher_msgs/srv
[3.435s] -- Installing: /home/rozy/e-Yantra/logistic-cobot/eyrc-24-25-logistic-cobot/install/linkattacher_msgs/include/linkattacher_msgs/linkattacher_msgs/srv/detach_link.h
[3.435s] -- Installing: /home/rozy/e-Yantra/logistic-cobot/eyrc-24-25-logistic-cobot/install/linkattacher_msgs/include/linkattacher_msgs/linkattacher_msgs/srv/detail
[3.435s] -- Installing: /home/rozy/e-Yantra/logistic-cobot/eyrc-24-25-logistic-cobot/install/linkattacher_msgs/include/linkattacher_msgs/linkattacher_msgs/srv/detail/detach_link__type_support.h
[3.435s] -- Installing: /home/rozy/e-Yantra/logistic-cobot/eyrc-24-25-logistic-cobot/install/linkattacher_msgs/include/linkattacher_msgs/linkattacher_msgs/srv/detail/attach_link__functions.c
[3.435s] -- Installing: /home/rozy/e-Yantra/logistic-cobot/eyrc-24-25-logistic-cobot/install/linkattacher_msgs/include/linkattacher_msgs/linkattacher_msgs/srv/detail/detach_link__struct.h
[3.435s] -- Installing: /home/rozy/e-Yantra/logistic-cobot/eyrc-24-25-logistic-cobot/install/linkattacher_msgs/include/linkattacher_msgs/linkattacher_msgs/srv/detail/detach_link__functions.h
[3.435s] -- Installing: /home/rozy/e-Yantra/logistic-cobot/eyrc-24-25-logistic-cobot/install/linkattacher_msgs/include/linkattacher_msgs/linkattacher_msgs/srv/detail/attach_link__type_support.h
[3.435s] -- Installing: /home/rozy/e-Yantra/logistic-cobot/eyrc-24-25-logistic-cobot/install/linkattacher_msgs/include/linkattacher_msgs/linkattacher_msgs/srv/detail/detach_link__functions.c
[3.435s] -- Installing: /home/rozy/e-Yantra/logistic-cobot/eyrc-24-25-logistic-cobot/install/linkattacher_msgs/include/linkattacher_msgs/linkattacher_msgs/srv/detail/attach_link__struct.h
[3.435s] -- Installing: /home/rozy/e-Yantra/logistic-cobot/eyrc-24-25-logistic-cobot/install/linkattacher_msgs/include/linkattacher_msgs/linkattacher_msgs/srv/detail/attach_link__functions.h
[3.435s] -- Installing: /home/rozy/e-Yantra/logistic-cobot/eyrc-24-25-logistic-cobot/install/linkattacher_msgs/include/linkattacher_msgs/linkattacher_msgs/srv/attach_link.h
[3.435s] -- Installing: /home/rozy/e-Yantra/logistic-cobot/eyrc-24-25-logistic-cobot/install/linkattacher_msgs/share/linkattacher_msgs/environment/library_path.sh
[3.435s] -- Installing: /home/rozy/e-Yantra/logistic-cobot/eyrc-24-25-logistic-cobot/install/linkattacher_msgs/share/linkattacher_msgs/environment/library_path.dsv
[3.435s] -- Installing: /home/rozy/e-Yantra/logistic-cobot/eyrc-24-25-logistic-cobot/install/linkattacher_msgs/lib/liblinkattacher_msgs__rosidl_generator_c.so
[3.435s] -- Set runtime path of "/home/rozy/e-Yantra/logistic-cobot/eyrc-24-25-logistic-cobot/install/linkattacher_msgs/lib/liblinkattacher_msgs__rosidl_generator_c.so" to ""
[3.435s] -- Up-to-date: /home/rozy/e-Yantra/logistic-cobot/eyrc-24-25-logistic-cobot/install/linkattacher_msgs/include/linkattacher_msgs/linkattacher_msgs
[3.436s] -- Up-to-date: /home/rozy/e-Yantra/logistic-cobot/eyrc-24-25-logistic-cobot/install/linkattacher_msgs/include/linkattacher_msgs/linkattacher_msgs/msg
[3.436s] -- Installing: /home/rozy/e-Yantra/logistic-cobot/eyrc-24-25-logistic-cobot/install/linkattacher_msgs/include/linkattacher_msgs/linkattacher_msgs/msg/rosidl_typesupport_fastrtps_c__visibility_control.h
[3.436s] -- Up-to-date: /home/rozy/e-Yantra/logistic-cobot/eyrc-24-25-logistic-cobot/install/linkattacher_msgs/include/linkattacher_msgs/linkattacher_msgs/srv
[3.436s] -- Up-to-date: /home/rozy/e-Yantra/logistic-cobot/eyrc-24-25-logistic-cobot/install/linkattacher_msgs/include/linkattacher_msgs/linkattacher_msgs/srv/detail
[3.436s] -- Installing: /home/rozy/e-Yantra/logistic-cobot/eyrc-24-25-logistic-cobot/install/linkattacher_msgs/include/linkattacher_msgs/linkattacher_msgs/srv/detail/attach_link__rosidl_typesupport_fastrtps_c.h
[3.436s] -- Installing: /home/rozy/e-Yantra/logistic-cobot/eyrc-24-25-logistic-cobot/install/linkattacher_msgs/include/linkattacher_msgs/linkattacher_msgs/srv/detail/detach_link__rosidl_typesupport_fastrtps_c.h
[3.436s] -- Installing: /home/rozy/e-Yantra/logistic-cobot/eyrc-24-25-logistic-cobot/install/linkattacher_msgs/lib/liblinkattacher_msgs__rosidl_typesupport_fastrtps_c.so
[3.436s] -- Set runtime path of "/home/rozy/e-Yantra/logistic-cobot/eyrc-24-25-logistic-cobot/install/linkattacher_msgs/lib/liblinkattacher_msgs__rosidl_typesupport_fastrtps_c.so" to ""
[3.436s] -- Up-to-date: /home/rozy/e-Yantra/logistic-cobot/eyrc-24-25-logistic-cobot/install/linkattacher_msgs/include/linkattacher_msgs/linkattacher_msgs
[3.436s] -- Up-to-date: /home/rozy/e-Yantra/logistic-cobot/eyrc-24-25-logistic-cobot/install/linkattacher_msgs/include/linkattacher_msgs/linkattacher_msgs/msg
[3.436s] -- Installing: /home/rozy/e-Yantra/logistic-cobot/eyrc-24-25-logistic-cobot/install/linkattacher_msgs/include/linkattacher_msgs/linkattacher_msgs/msg/rosidl_typesupport_introspection_c__visibility_control.h
[3.436s] -- Up-to-date: /home/rozy/e-Yantra/logistic-cobot/eyrc-24-25-logistic-cobot/install/linkattacher_msgs/include/linkattacher_msgs/linkattacher_msgs/srv
[3.436s] -- Up-to-date: /home/rozy/e-Yantra/logistic-cobot/eyrc-24-25-logistic-cobot/install/linkattacher_msgs/include/linkattacher_msgs/linkattacher_msgs/srv/detail
[3.436s] -- Installing: /home/rozy/e-Yantra/logistic-cobot/eyrc-24-25-logistic-cobot/install/linkattacher_msgs/include/linkattacher_msgs/linkattacher_msgs/srv/detail/detach_link__rosidl_typesupport_introspection_c.h
[3.436s] -- Installing: /home/rozy/e-Yantra/logistic-cobot/eyrc-24-25-logistic-cobot/install/linkattacher_msgs/include/linkattacher_msgs/linkattacher_msgs/srv/detail/detach_link__type_support.c
[3.436s] -- Installing: /home/rozy/e-Yantra/logistic-cobot/eyrc-24-25-logistic-cobot/install/linkattacher_msgs/include/linkattacher_msgs/linkattacher_msgs/srv/detail/attach_link__rosidl_typesupport_introspection_c.h
[3.436s] -- Installing: /home/rozy/e-Yantra/logistic-cobot/eyrc-24-25-logistic-cobot/install/linkattacher_msgs/include/linkattacher_msgs/linkattacher_msgs/srv/detail/attach_link__type_support.c
[3.436s] -- Installing: /home/rozy/e-Yantra/logistic-cobot/eyrc-24-25-logistic-cobot/install/linkattacher_msgs/lib/liblinkattacher_msgs__rosidl_typesupport_introspection_c.so
[3.436s] -- Set runtime path of "/home/rozy/e-Yantra/logistic-cobot/eyrc-24-25-logistic-cobot/install/linkattacher_msgs/lib/liblinkattacher_msgs__rosidl_typesupport_introspection_c.so" to ""
[3.436s] -- Installing: /home/rozy/e-Yantra/logistic-cobot/eyrc-24-25-logistic-cobot/install/linkattacher_msgs/lib/liblinkattacher_msgs__rosidl_typesupport_c.so
[3.436s] -- Set runtime path of "/home/rozy/e-Yantra/logistic-cobot/eyrc-24-25-logistic-cobot/install/linkattacher_msgs/lib/liblinkattacher_msgs__rosidl_typesupport_c.so" to ""
[3.436s] -- Up-to-date: /home/rozy/e-Yantra/logistic-cobot/eyrc-24-25-logistic-cobot/install/linkattacher_msgs/include/linkattacher_msgs/linkattacher_msgs
[3.437s] -- Up-to-date: /home/rozy/e-Yantra/logistic-cobot/eyrc-24-25-logistic-cobot/install/linkattacher_msgs/include/linkattacher_msgs/linkattacher_msgs/srv
[3.437s] -- Installing: /home/rozy/e-Yantra/logistic-cobot/eyrc-24-25-logistic-cobot/install/linkattacher_msgs/include/linkattacher_msgs/linkattacher_msgs/srv/attach_link.hpp
[3.437s] -- Up-to-date: /home/rozy/e-Yantra/logistic-cobot/eyrc-24-25-logistic-cobot/install/linkattacher_msgs/include/linkattacher_msgs/linkattacher_msgs/srv/detail
[3.437s] -- Installing: /home/rozy/e-Yantra/logistic-cobot/eyrc-24-25-logistic-cobot/install/linkattacher_msgs/include/linkattacher_msgs/linkattacher_msgs/srv/detail/detach_link__traits.hpp
[3.437s] -- Installing: /home/rozy/e-Yantra/logistic-cobot/eyrc-24-25-logistic-cobot/install/linkattacher_msgs/include/linkattacher_msgs/linkattacher_msgs/srv/detail/detach_link__builder.hpp
[3.437s] -- Installing: /home/rozy/e-Yantra/logistic-cobot/eyrc-24-25-logistic-cobot/install/linkattacher_msgs/include/linkattacher_msgs/linkattacher_msgs/srv/detail/detach_link__struct.hpp
[3.437s] -- Installing: /home/rozy/e-Yantra/logistic-cobot/eyrc-24-25-logistic-cobot/install/linkattacher_msgs/include/linkattacher_msgs/linkattacher_msgs/srv/detail/attach_link__traits.hpp
[3.437s] -- Installing: /home/rozy/e-Yantra/logistic-cobot/eyrc-24-25-logistic-cobot/install/linkattacher_msgs/include/linkattacher_msgs/linkattacher_msgs/srv/detail/attach_link__builder.hpp
[3.437s] -- Installing: /home/rozy/e-Yantra/logistic-cobot/eyrc-24-25-logistic-cobot/install/linkattacher_msgs/include/linkattacher_msgs/linkattacher_msgs/srv/detail/attach_link__struct.hpp
[3.437s] -- Installing: /home/rozy/e-Yantra/logistic-cobot/eyrc-24-25-logistic-cobot/install/linkattacher_msgs/include/linkattacher_msgs/linkattacher_msgs/srv/detach_link.hpp
[3.437s] -- Up-to-date: /home/rozy/e-Yantra/logistic-cobot/eyrc-24-25-logistic-cobot/install/linkattacher_msgs/include/linkattacher_msgs/linkattacher_msgs
[3.437s] -- Up-to-date: /home/rozy/e-Yantra/logistic-cobot/eyrc-24-25-logistic-cobot/install/linkattacher_msgs/include/linkattacher_msgs/linkattacher_msgs/msg
[3.437s] -- Installing: /home/rozy/e-Yantra/logistic-cobot/eyrc-24-25-logistic-cobot/install/linkattacher_msgs/include/linkattacher_msgs/linkattacher_msgs/msg/rosidl_typesupport_fastrtps_cpp__visibility_control.h
[3.437s] -- Up-to-date: /home/rozy/e-Yantra/logistic-cobot/eyrc-24-25-logistic-cobot/install/linkattacher_msgs/include/linkattacher_msgs/linkattacher_msgs/srv
[3.437s] -- Up-to-date: /home/rozy/e-Yantra/logistic-cobot/eyrc-24-25-logistic-cobot/install/linkattacher_msgs/include/linkattacher_msgs/linkattacher_msgs/srv/detail
[3.437s] -- Installing: /home/rozy/e-Yantra/logistic-cobot/eyrc-24-25-logistic-cobot/install/linkattacher_msgs/include/linkattacher_msgs/linkattacher_msgs/srv/detail/attach_link__rosidl_typesupport_fastrtps_cpp.hpp
[3.437s] -- Installing: /home/rozy/e-Yantra/logistic-cobot/eyrc-24-25-logistic-cobot/install/linkattacher_msgs/include/linkattacher_msgs/linkattacher_msgs/srv/detail/detach_link__rosidl_typesupport_fastrtps_cpp.hpp
[3.437s] -- Installing: /home/rozy/e-Yantra/logistic-cobot/eyrc-24-25-logistic-cobot/install/linkattacher_msgs/include/linkattacher_msgs/linkattacher_msgs/srv/detail/dds_fastrtps
[3.437s] -- Installing: /home/rozy/e-Yantra/logistic-cobot/eyrc-24-25-logistic-cobot/install/linkattacher_msgs/lib/liblinkattacher_msgs__rosidl_typesupport_fastrtps_cpp.so
[3.437s] -- Set runtime path of "/home/rozy/e-Yantra/logistic-cobot/eyrc-24-25-logistic-cobot/install/linkattacher_msgs/lib/liblinkattacher_msgs__rosidl_typesupport_fastrtps_cpp.so" to ""
[3.437s] -- Up-to-date: /home/rozy/e-Yantra/logistic-cobot/eyrc-24-25-logistic-cobot/install/linkattacher_msgs/include/linkattacher_msgs/linkattacher_msgs
[3.437s] -- Up-to-date: /home/rozy/e-Yantra/logistic-cobot/eyrc-24-25-logistic-cobot/install/linkattacher_msgs/include/linkattacher_msgs/linkattacher_msgs/srv
[3.437s] -- Up-to-date: /home/rozy/e-Yantra/logistic-cobot/eyrc-24-25-logistic-cobot/install/linkattacher_msgs/include/linkattacher_msgs/linkattacher_msgs/srv/detail
[3.437s] -- Installing: /home/rozy/e-Yantra/logistic-cobot/eyrc-24-25-logistic-cobot/install/linkattacher_msgs/include/linkattacher_msgs/linkattacher_msgs/srv/detail/detach_link__type_support.cpp
[3.437s] -- Installing: /home/rozy/e-Yantra/logistic-cobot/eyrc-24-25-logistic-cobot/install/linkattacher_msgs/include/linkattacher_msgs/linkattacher_msgs/srv/detail/attach_link__rosidl_typesupport_introspection_cpp.hpp
[3.437s] -- Installing: /home/rozy/e-Yantra/logistic-cobot/eyrc-24-25-logistic-cobot/install/linkattacher_msgs/include/linkattacher_msgs/linkattacher_msgs/srv/detail/attach_link__type_support.cpp
[3.437s] -- Installing: /home/rozy/e-Yantra/logistic-cobot/eyrc-24-25-logistic-cobot/install/linkattacher_msgs/include/linkattacher_msgs/linkattacher_msgs/srv/detail/detach_link__rosidl_typesupport_introspection_cpp.hpp
[3.438s] -- Installing: /home/rozy/e-Yantra/logistic-cobot/eyrc-24-25-logistic-cobot/install/linkattacher_msgs/lib/liblinkattacher_msgs__rosidl_typesupport_introspection_cpp.so
[3.438s] -- Set runtime path of "/home/rozy/e-Yantra/logistic-cobot/eyrc-24-25-logistic-cobot/install/linkattacher_msgs/lib/liblinkattacher_msgs__rosidl_typesupport_introspection_cpp.so" to ""
[3.438s] -- Installing: /home/rozy/e-Yantra/logistic-cobot/eyrc-24-25-logistic-cobot/install/linkattacher_msgs/lib/liblinkattacher_msgs__rosidl_typesupport_cpp.so
[3.438s] -- Set runtime path of "/home/rozy/e-Yantra/logistic-cobot/eyrc-24-25-logistic-cobot/install/linkattacher_msgs/lib/liblinkattacher_msgs__rosidl_typesupport_cpp.so" to ""
[3.438s] -- Installing: /home/rozy/e-Yantra/logistic-cobot/eyrc-24-25-logistic-cobot/install/linkattacher_msgs/share/linkattacher_msgs/environment/pythonpath.sh
[3.438s] -- Installing: /home/rozy/e-Yantra/logistic-cobot/eyrc-24-25-logistic-cobot/install/linkattacher_msgs/share/linkattacher_msgs/environment/pythonpath.dsv
[3.438s] -- Installing: /home/rozy/e-Yantra/logistic-cobot/eyrc-24-25-logistic-cobot/install/linkattacher_msgs/local/lib/python3.10/dist-packages/linkattacher_msgs-0.0.0-py3.10.egg-info
[3.438s] -- Installing: /home/rozy/e-Yantra/logistic-cobot/eyrc-24-25-logistic-cobot/install/linkattacher_msgs/local/lib/python3.10/dist-packages/linkattacher_msgs-0.0.0-py3.10.egg-info/SOURCES.txt
[3.438s] -- Installing: /home/rozy/e-Yantra/logistic-cobot/eyrc-24-25-logistic-cobot/install/linkattacher_msgs/local/lib/python3.10/dist-packages/linkattacher_msgs-0.0.0-py3.10.egg-info/top_level.txt
[3.438s] -- Installing: /home/rozy/e-Yantra/logistic-cobot/eyrc-24-25-logistic-cobot/install/linkattacher_msgs/local/lib/python3.10/dist-packages/linkattacher_msgs-0.0.0-py3.10.egg-info/PKG-INFO
[3.438s] -- Installing: /home/rozy/e-Yantra/logistic-cobot/eyrc-24-25-logistic-cobot/install/linkattacher_msgs/local/lib/python3.10/dist-packages/linkattacher_msgs-0.0.0-py3.10.egg-info/dependency_links.txt
[3.438s] -- Installing: /home/rozy/e-Yantra/logistic-cobot/eyrc-24-25-logistic-cobot/install/linkattacher_msgs/local/lib/python3.10/dist-packages/linkattacher_msgs
[3.438s] -- Installing: /home/rozy/e-Yantra/logistic-cobot/eyrc-24-25-logistic-cobot/install/linkattacher_msgs/local/lib/python3.10/dist-packages/linkattacher_msgs/_linkattacher_msgs_s.ep.rosidl_typesupport_c.c
[3.438s] -- Installing: /home/rozy/e-Yantra/logistic-cobot/eyrc-24-25-logistic-cobot/install/linkattacher_msgs/local/lib/python3.10/dist-packages/linkattacher_msgs/linkattacher_msgs_s__rosidl_typesupport_introspection_c.cpython-310-x86_64-linux-gnu.so
[3.438s] -- Installing: /home/rozy/e-Yantra/logistic-cobot/eyrc-24-25-logistic-cobot/install/linkattacher_msgs/local/lib/python3.10/dist-packages/linkattacher_msgs/linkattacher_msgs_s__rosidl_typesupport_fastrtps_c.cpython-310-x86_64-linux-gnu.so
[3.438s] -- Installing: /home/rozy/e-Yantra/logistic-cobot/eyrc-24-25-logistic-cobot/install/linkattacher_msgs/local/lib/python3.10/dist-packages/linkattacher_msgs/__init__.py
[3.438s] -- Installing: /home/rozy/e-Yantra/logistic-cobot/eyrc-24-25-logistic-cobot/install/linkattacher_msgs/local/lib/python3.10/dist-packages/linkattacher_msgs/srv
[3.438s] -- Installing: /home/rozy/e-Yantra/logistic-cobot/eyrc-24-25-logistic-cobot/install/linkattacher_msgs/local/lib/python3.10/dist-packages/linkattacher_msgs/srv/_detach_link_s.c
[3.439s] -- Installing: /home/rozy/e-Yantra/logistic-cobot/eyrc-24-25-logistic-cobot/install/linkattacher_msgs/local/lib/python3.10/dist-packages/linkattacher_msgs/srv/__init__.py
[3.439s] -- Installing: /home/rozy/e-Yantra/logistic-cobot/eyrc-24-25-logistic-cobot/install/linkattacher_msgs/local/lib/python3.10/dist-packages/linkattacher_msgs/srv/_attach_link_s.c
[3.439s] -- Installing: /home/rozy/e-Yantra/logistic-cobot/eyrc-24-25-logistic-cobot/install/linkattacher_msgs/local/lib/python3.10/dist-packages/linkattacher_msgs/srv/_attach_link.py
[3.439s] -- Installing: /home/rozy/e-Yantra/logistic-cobot/eyrc-24-25-logistic-cobot/install/linkattacher_msgs/local/lib/python3.10/dist-packages/linkattacher_msgs/srv/_detach_link.py
[3.439s] -- Installing: /home/rozy/e-Yantra/logistic-cobot/eyrc-24-25-logistic-cobot/install/linkattacher_msgs/local/lib/python3.10/dist-packages/linkattacher_msgs/_linkattacher_msgs_s.ep.rosidl_typesupport_fastrtps_c.c
[3.439s] -- Installing: /home/rozy/e-Yantra/logistic-cobot/eyrc-24-25-logistic-cobot/install/linkattacher_msgs/local/lib/python3.10/dist-packages/linkattacher_msgs/linkattacher_msgs_s__rosidl_typesupport_c.cpython-310-x86_64-linux-gnu.so
[3.439s] -- Installing: /home/rozy/e-Yantra/logistic-cobot/eyrc-24-25-logistic-cobot/install/linkattacher_msgs/local/lib/python3.10/dist-packages/linkattacher_msgs/liblinkattacher_msgs__rosidl_generator_py.so
[3.439s] -- Installing: /home/rozy/e-Yantra/logistic-cobot/eyrc-24-25-logistic-cobot/install/linkattacher_msgs/local/lib/python3.10/dist-packages/linkattacher_msgs/_linkattacher_msgs_s.ep.rosidl_typesupport_introspection_c.c
[3.463s] Listing '/home/rozy/e-Yantra/logistic-cobot/eyrc-24-25-logistic-cobot/install/linkattacher_msgs/local/lib/python3.10/dist-packages/linkattacher_msgs'...
[3.463s] Compiling '/home/rozy/e-Yantra/logistic-cobot/eyrc-24-25-logistic-cobot/install/linkattacher_msgs/local/lib/python3.10/dist-packages/linkattacher_msgs/__init__.py'...
[3.463s] Listing '/home/rozy/e-Yantra/logistic-cobot/eyrc-24-25-logistic-cobot/install/linkattacher_msgs/local/lib/python3.10/dist-packages/linkattacher_msgs/srv'...
[3.463s] Compiling '/home/rozy/e-Yantra/logistic-cobot/eyrc-24-25-logistic-cobot/install/linkattacher_msgs/local/lib/python3.10/dist-packages/linkattacher_msgs/srv/__init__.py'...
[3.463s] Compiling '/home/rozy/e-Yantra/logistic-cobot/eyrc-24-25-logistic-cobot/install/linkattacher_msgs/local/lib/python3.10/dist-packages/linkattacher_msgs/srv/_attach_link.py'...
[3.463s] Compiling '/home/rozy/e-Yantra/logistic-cobot/eyrc-24-25-logistic-cobot/install/linkattacher_msgs/local/lib/python3.10/dist-packages/linkattacher_msgs/srv/_detach_link.py'...
[3.466s] -- Installing: /home/rozy/e-Yantra/logistic-cobot/eyrc-24-25-logistic-cobot/install/linkattacher_msgs/local/lib/python3.10/dist-packages/linkattacher_msgs/linkattacher_msgs_s__rosidl_typesupport_fastrtps_c.cpython-310-x86_64-linux-gnu.so
[3.466s] -- Set runtime path of "/home/rozy/e-Yantra/logistic-cobot/eyrc-24-25-logistic-cobot/install/linkattacher_msgs/local/lib/python3.10/dist-packages/linkattacher_msgs/linkattacher_msgs_s__rosidl_typesupport_fastrtps_c.cpython-310-x86_64-linux-gnu.so" to ""
[3.466s] -- Installing: /home/rozy/e-Yantra/logistic-cobot/eyrc-24-25-logistic-cobot/install/linkattacher_msgs/local/lib/python3.10/dist-packages/linkattacher_msgs/linkattacher_msgs_s__rosidl_typesupport_introspection_c.cpython-310-x86_64-linux-gnu.so
[3.466s] -- Set runtime path of "/home/rozy/e-Yantra/logistic-cobot/eyrc-24-25-logistic-cobot/install/linkattacher_msgs/local/lib/python3.10/dist-packages/linkattacher_msgs/linkattacher_msgs_s__rosidl_typesupport_introspection_c.cpython-310-x86_64-linux-gnu.so" to ""
[3.466s] -- Installing: /home/rozy/e-Yantra/logistic-cobot/eyrc-24-25-logistic-cobot/install/linkattacher_msgs/local/lib/python3.10/dist-packages/linkattacher_msgs/linkattacher_msgs_s__rosidl_typesupport_c.cpython-310-x86_64-linux-gnu.so
[3.467s] -- Set runtime path of "/home/rozy/e-Yantra/logistic-cobot/eyrc-24-25-logistic-cobot/install/linkattacher_msgs/local/lib/python3.10/dist-packages/linkattacher_msgs/linkattacher_msgs_s__rosidl_typesupport_c.cpython-310-x86_64-linux-gnu.so" to ""
[3.467s] -- Installing: /home/rozy/e-Yantra/logistic-cobot/eyrc-24-25-logistic-cobot/install/linkattacher_msgs/lib/liblinkattacher_msgs__rosidl_generator_py.so
[3.467s] -- Set runtime path of "/home/rozy/e-Yantra/logistic-cobot/eyrc-24-25-logistic-cobot/install/linkattacher_msgs/lib/liblinkattacher_msgs__rosidl_generator_py.so" to ""
[3.467s] -- Installing: /home/rozy/e-Yantra/logistic-cobot/eyrc-24-25-logistic-cobot/install/linkattacher_msgs/share/linkattacher_msgs/srv/AttachLink.idl
[3.467s] -- Installing: /home/rozy/e-Yantra/logistic-cobot/eyrc-24-25-logistic-cobot/install/linkattacher_msgs/share/linkattacher_msgs/srv/DetachLink.idl
[3.467s] -- Up-to-date: /home/rozy/e-Yantra/logistic-cobot/eyrc-24-25-logistic-cobot/install/linkattacher_msgs/share/linkattacher_msgs/srv/AttachLink.srv
[3.467s] -- Installing: /home/rozy/e-Yantra/logistic-cobot/eyrc-24-25-logistic-cobot/install/linkattacher_msgs/share/linkattacher_msgs/srv/AttachLink_Request.msg
[3.467s] -- Installing: /home/rozy/e-Yantra/logistic-cobot/eyrc-24-25-logistic-cobot/install/linkattacher_msgs/share/linkattacher_msgs/srv/AttachLink_Response.msg
[3.467s] -- Up-to-date: /home/rozy/e-Yantra/logistic-cobot/eyrc-24-25-logistic-cobot/install/linkattacher_msgs/share/linkattacher_msgs/srv/DetachLink.srv
[3.467s] -- Installing: /home/rozy/e-Yantra/logistic-cobot/eyrc-24-25-logistic-cobot/install/linkattacher_msgs/share/linkattacher_msgs/srv/DetachLink_Request.msg
[3.467s] -- Installing: /home/rozy/e-Yantra/logistic-cobot/eyrc-24-25-logistic-cobot/install/linkattacher_msgs/share/linkattacher_msgs/srv/DetachLink_Response.msg
[3.467s] -- Installing: /home/rozy/e-Yantra/logistic-cobot/eyrc-24-25-logistic-cobot/install/linkattacher_msgs/share/ament_index/resource_index/package_run_dependencies/linkattacher_msgs
[3.467s] -- Installing: /home/rozy/e-Yantra/logistic-cobot/eyrc-24-25-logistic-cobot/install/linkattacher_msgs/share/ament_index/resource_index/parent_prefix_path/linkattacher_msgs
[3.467s] -- Installing: /home/rozy/e-Yantra/logistic-cobot/eyrc-24-25-logistic-cobot/install/linkattacher_msgs/share/linkattacher_msgs/environment/ament_prefix_path.sh
[3.467s] -- Installing: /home/rozy/e-Yantra/logistic-cobot/eyrc-24-25-logistic-cobot/install/linkattacher_msgs/share/linkattacher_msgs/environment/ament_prefix_path.dsv
[3.467s] -- Installing: /home/rozy/e-Yantra/logistic-cobot/eyrc-24-25-logistic-cobot/install/linkattacher_msgs/share/linkattacher_msgs/environment/path.sh
[3.467s] -- Installing: /home/rozy/e-Yantra/logistic-cobot/eyrc-24-25-logistic-cobot/install/linkattacher_msgs/share/linkattacher_msgs/environment/path.dsv
[3.467s] -- Installing: /home/rozy/e-Yantra/logistic-cobot/eyrc-24-25-logistic-cobot/install/linkattacher_msgs/share/linkattacher_msgs/local_setup.bash
[3.467s] -- Installing: /home/rozy/e-Yantra/logistic-cobot/eyrc-24-25-logistic-cobot/install/linkattacher_msgs/share/linkattacher_msgs/local_setup.sh
[3.468s] -- Installing: /home/rozy/e-Yantra/logistic-cobot/eyrc-24-25-logistic-cobot/install/linkattacher_msgs/share/linkattacher_msgs/local_setup.zsh
[3.468s] -- Installing: /home/rozy/e-Yantra/logistic-cobot/eyrc-24-25-logistic-cobot/install/linkattacher_msgs/share/linkattacher_msgs/local_setup.dsv
[3.468s] -- Installing: /home/rozy/e-Yantra/logistic-cobot/eyrc-24-25-logistic-cobot/install/linkattacher_msgs/share/linkattacher_msgs/package.dsv
[3.468s] -- Installing: /home/rozy/e-Yantra/logistic-cobot/eyrc-24-25-logistic-cobot/install/linkattacher_msgs/share/ament_index/resource_index/packages/linkattacher_msgs
[3.468s] -- Installing: /home/rozy/e-Yantra/logistic-cobot/eyrc-24-25-logistic-cobot/install/linkattacher_msgs/share/linkattacher_msgs/cmake/export_linkattacher_msgs__rosidl_generator_cExport.cmake
[3.468s] -- Installing: /home/rozy/e-Yantra/logistic-cobot/eyrc-24-25-logistic-cobot/install/linkattacher_msgs/share/linkattacher_msgs/cmake/export_linkattacher_msgs__rosidl_generator_cExport-noconfig.cmake
[3.468s] -- Installing: /home/rozy/e-Yantra/logistic-cobot/eyrc-24-25-logistic-cobot/install/linkattacher_msgs/share/linkattacher_msgs/cmake/export_linkattacher_msgs__rosidl_typesupport_fastrtps_cExport.cmake
[3.468s] -- Installing: /home/rozy/e-Yantra/logistic-cobot/eyrc-24-25-logistic-cobot/install/linkattacher_msgs/share/linkattacher_msgs/cmake/export_linkattacher_msgs__rosidl_typesupport_fastrtps_cExport-noconfig.cmake
[3.468s] -- Installing: /home/rozy/e-Yantra/logistic-cobot/eyrc-24-25-logistic-cobot/install/linkattacher_msgs/share/linkattacher_msgs/cmake/linkattacher_msgs__rosidl_typesupport_introspection_cExport.cmake
[3.468s] -- Installing: /home/rozy/e-Yantra/logistic-cobot/eyrc-24-25-logistic-cobot/install/linkattacher_msgs/share/linkattacher_msgs/cmake/linkattacher_msgs__rosidl_typesupport_introspection_cExport-noconfig.cmake
[3.468s] -- Installing: /home/rozy/e-Yantra/logistic-cobot/eyrc-24-25-logistic-cobot/install/linkattacher_msgs/share/linkattacher_msgs/cmake/linkattacher_msgs__rosidl_typesupport_cExport.cmake
[3.468s] -- Installing: /home/rozy/e-Yantra/logistic-cobot/eyrc-24-25-logistic-cobot/install/linkattacher_msgs/share/linkattacher_msgs/cmake/linkattacher_msgs__rosidl_typesupport_cExport-noconfig.cmake
[3.468s] -- Installing: /home/rozy/e-Yantra/logistic-cobot/eyrc-24-25-logistic-cobot/install/linkattacher_msgs/share/linkattacher_msgs/cmake/export_linkattacher_msgs__rosidl_generator_cppExport.cmake
[3.468s] -- Installing: /home/rozy/e-Yantra/logistic-cobot/eyrc-24-25-logistic-cobot/install/linkattacher_msgs/share/linkattacher_msgs/cmake/export_linkattacher_msgs__rosidl_typesupport_fastrtps_cppExport.cmake
[3.468s] -- Installing: /home/rozy/e-Yantra/logistic-cobot/eyrc-24-25-logistic-cobot/install/linkattacher_msgs/share/linkattacher_msgs/cmake/export_linkattacher_msgs__rosidl_typesupport_fastrtps_cppExport-noconfig.cmake
[3.468s] -- Installing: /home/rozy/e-Yantra/logistic-cobot/eyrc-24-25-logistic-cobot/install/linkattacher_msgs/share/linkattacher_msgs/cmake/linkattacher_msgs__rosidl_typesupport_introspection_cppExport.cmake
[3.468s] -- Installing: /home/rozy/e-Yantra/logistic-cobot/eyrc-24-25-logistic-cobot/install/linkattacher_msgs/share/linkattacher_msgs/cmake/linkattacher_msgs__rosidl_typesupport_introspection_cppExport-noconfig.cmake
[3.468s] -- Installing: /home/rozy/e-Yantra/logistic-cobot/eyrc-24-25-logistic-cobot/install/linkattacher_msgs/share/linkattacher_msgs/cmake/linkattacher_msgs__rosidl_typesupport_cppExport.cmake
[3.468s] -- Installing: /home/rozy/e-Yantra/logistic-cobot/eyrc-24-25-logistic-cobot/install/linkattacher_msgs/share/linkattacher_msgs/cmake/linkattacher_msgs__rosidl_typesupport_cppExport-noconfig.cmake
[3.469s] -- Installing: /home/rozy/e-Yantra/logistic-cobot/eyrc-24-25-logistic-cobot/install/linkattacher_msgs/share/linkattacher_msgs/cmake/export_linkattacher_msgs__rosidl_generator_pyExport.cmake
[3.469s] -- Installing: /home/rozy/e-Yantra/logistic-cobot/eyrc-24-25-logistic-cobot/install/linkattacher_msgs/share/linkattacher_msgs/cmake/export_linkattacher_msgs__rosidl_generator_pyExport-noconfig.cmake
[3.469s] -- Installing: /home/rozy/e-Yantra/logistic-cobot/eyrc-24-25-logistic-cobot/install/linkattacher_msgs/share/linkattacher_msgs/cmake/rosidl_cmake-extras.cmake
[3.469s] -- Installing: /home/rozy/e-Yantra/logistic-cobot/eyrc-24-25-logistic-cobot/install/linkattacher_msgs/share/linkattacher_msgs/cmake/ament_cmake_export_include_directories-extras.cmake
[3.469s] -- Installing: /home/rozy/e-Yantra/logistic-cobot/eyrc-24-25-logistic-cobot/install/linkattacher_msgs/share/linkattacher_msgs/cmake/ament_cmake_export_libraries-extras.cmake
[3.469s] -- Installing: /home/rozy/e-Yantra/logistic-cobot/eyrc-24-25-logistic-cobot/install/linkattacher_msgs/share/linkattacher_msgs/cmake/ament_cmake_export_targets-extras.cmake
[3.469s] -- Installing: /home/rozy/e-Yantra/logistic-cobot/eyrc-24-25-logistic-cobot/install/linkattacher_msgs/share/linkattacher_msgs/cmake/rosidl_cmake_export_typesupport_targets-extras.cmake
[3.469s] -- Installing: /home/rozy/e-Yantra/logistic-cobot/eyrc-24-25-logistic-cobot/install/linkattacher_msgs/share/linkattacher_msgs/cmake/ament_cmake_export_dependencies-extras.cmake
[3.469s] -- Installing: /home/rozy/e-Yantra/logistic-cobot/eyrc-24-25-logistic-cobot/install/linkattacher_msgs/share/linkattacher_msgs/cmake/rosidl_cmake_export_typesupport_libraries-extras.cmake
[3.469s] -- Installing: /home/rozy/e-Yantra/logistic-cobot/eyrc-24-25-logistic-cobot/install/linkattacher_msgs/share/linkattacher_msgs/cmake/linkattacher_msgsConfig.cmake
[3.469s] -- Installing: /home/rozy/e-Yantra/logistic-cobot/eyrc-24-25-logistic-cobot/install/linkattacher_msgs/share/linkattacher_msgs/cmake/linkattacher_msgsConfig-version.cmake
[3.469s] -- Installing: /home/rozy/e-Yantra/logistic-cobot/eyrc-24-25-logistic-cobot/install/linkattacher_msgs/share/linkattacher_msgs/package.xml
[3.471s] Invoked command in '/home/rozy/e-Yantra/logistic-cobot/eyrc-24-25-logistic-cobot/build/linkattacher_msgs' returned '0': CMAKE_PREFIX_PATH=${CMAKE_PREFIX_PATH}:/home/rozy/ros2_ws/install/turtlesim_catch_them_all:/home/rozy/ros2_ws/install/my_py_pkg:/opt/ros/humble /usr/bin/cmake --install /home/rozy/e-Yantra/logistic-cobot/eyrc-24-25-logistic-cobot/build/linkattacher_msgs
