-- Found ament_cmake: 1.3.7 (/opt/ros/humble/share/ament_cmake/cmake)
-- Override CMake install command with custom implementation using symlinks instead of copying resources
-- Found ament_lint_auto: 0.12.10 (/opt/ros/humble/share/ament_lint_auto/cmake)
-- Found rosidl_default_generators: 1.2.0 (/opt/ros/humble/share/rosidl_default_generators/cmake)
-- Using all available rosidl_typesupport_c: rosidl_typesupport_fastrtps_c;rosidl_typesupport_introspection_c
-- Found rosidl_adapter: 3.1.5 (/opt/ros/humble/share/rosidl_adapter/cmake)
-- Using all available rosidl_typesupport_cpp: rosidl_typesupport_fastrtps_cpp;rosidl_typesupport_introspection_cpp
-- Found ament_cmake_ros: 0.10.0 (/opt/ros/humble/share/ament_cmake_ros/cmake)
-- Using all available rosidl_typesupport_c: rosidl_typesupport_fastrtps_c;rosidl_typesupport_introspection_c
-- Using all available rosidl_typesupport_cpp: rosidl_typesupport_fastrtps_cpp;rosidl_typesupport_introspection_cpp
-- Found python_cmake_module: 0.10.0 (/opt/ros/humble/share/python_cmake_module/cmake)
-- Using PYTHON_EXECUTABLE: /usr/bin/python3
-- Using PYTHON_INCLUDE_DIRS: /usr/include/python3.10
-- Using PYTHON_LIBRARIES: /usr/lib/x86_64-linux-gnu/libpython3.10.so
-- Added test 'copyright' to check source files copyright and LICENSE
-- Added test 'lint_cmake' to check CMake code style
-- Added test 'xmllint' to check XML markup files
-- Configuring done
-- Generating done
-- Build files have been written to: /home/rozy/e-Yantra/logistic-cobot/eyrc-24-25-logistic-cobot/build/linkattacher_msgs
[35m[1mConsolidate compiler generated dependencies of target linkattacher_msgs__rosidl_generator_c[0m
[  2%] Built target linkattacher_msgs__cpp
[ 12%] Built target linkattacher_msgs__rosidl_generator_c
[ 12%] Built target ament_cmake_python_symlink_linkattacher_msgs
[35m[1mConsolidate compiler generated dependencies of target linkattacher_msgs__rosidl_typesupport_introspection_cpp[0m
[35m[1mConsolidate compiler generated dependencies of target linkattacher_msgs__rosidl_typesupport_cpp[0m
[35m[1mConsolidate compiler generated dependencies of target linkattacher_msgs__rosidl_typesupport_fastrtps_cpp[0m
[35m[1mConsolidate compiler generated dependencies of target linkattacher_msgs__rosidl_typesupport_introspection_c[0m
[35m[1mConsolidate compiler generated dependencies of target linkattacher_msgs__rosidl_typesupport_c[0m
[35m[1mConsolidate compiler generated dependencies of target linkattacher_msgs__rosidl_typesupport_fastrtps_c[0m
[ 23%] Built target linkattacher_msgs__rosidl_typesupport_introspection_cpp
[ 33%] Built target linkattacher_msgs__rosidl_typesupport_c
[ 43%] Built target linkattacher_msgs__rosidl_typesupport_introspection_c
[ 53%] Built target linkattacher_msgs__rosidl_typesupport_cpp
[ 64%] Built target linkattacher_msgs__rosidl_typesupport_fastrtps_c
[ 74%] Built target linkattacher_msgs__rosidl_typesupport_fastrtps_cpp
[ 74%] Built target linkattacher_msgs
[ 76%] Built target linkattacher_msgs__py
[35m[1mConsolidate compiler generated dependencies of target linkattacher_msgs__rosidl_generator_py[0m
[ 84%] Built target linkattacher_msgs__rosidl_generator_py
[35m[1mConsolidate compiler generated dependencies of target linkattacher_msgs__rosidl_typesupport_fastrtps_c__pyext[0m
[35m[1mConsolidate compiler generated dependencies of target linkattacher_msgs__rosidl_typesupport_introspection_c__pyext[0m
[35m[1mConsolidate compiler generated dependencies of target linkattacher_msgs__rosidl_typesupport_c__pyext[0m
[ 87%] [32m[1mLinking C shared library rosidl_generator_py/linkattacher_msgs/linkattacher_msgs_s__rosidl_typesupport_fastrtps_c.cpython-310-x86_64-linux-gnu.so[0m
[ 89%] [32m[1mLinking C shared library rosidl_generator_py/linkattacher_msgs/linkattacher_msgs_s__rosidl_typesupport_introspection_c.cpython-310-x86_64-linux-gnu.so[0m
[ 92%] [32m[1mLinking C shared library rosidl_generator_py/linkattacher_msgs/linkattacher_msgs_s__rosidl_typesupport_c.cpython-310-x86_64-linux-gnu.so[0m
[ 94%] Built target linkattacher_msgs__rosidl_typesupport_introspection_c__pyext
[100%] Built target linkattacher_msgs__rosidl_typesupport_c__pyext
[100%] Built target linkattacher_msgs__rosidl_typesupport_fastrtps_c__pyext
running egg_info
creating linkattacher_msgs.egg-info
writing linkattacher_msgs.egg-info/PKG-INFO
writing dependency_links to linkattacher_msgs.egg-info/dependency_links.txt
writing top-level names to linkattacher_msgs.egg-info/top_level.txt
writing manifest file 'linkattacher_msgs.egg-info/SOURCES.txt'
reading manifest file 'linkattacher_msgs.egg-info/SOURCES.txt'
writing manifest file 'linkattacher_msgs.egg-info/SOURCES.txt'
[100%] Built target ament_cmake_python_build_linkattacher_msgs_egg
-- Install configuration: ""
-- Execute custom install script
-- Symlinking: /home/rozy/e-Yantra/logistic-cobot/eyrc-24-25-logistic-cobot/install/linkattacher_msgs/share/linkattacher_msgs/srv/AttachLink.srv
-- Symlinking: /home/rozy/e-Yantra/logistic-cobot/eyrc-24-25-logistic-cobot/install/linkattacher_msgs/share/linkattacher_msgs/srv/DetachLink.srv
-- Symlinking: /home/rozy/e-Yantra/logistic-cobot/eyrc-24-25-logistic-cobot/install/linkattacher_msgs/share/ament_index/resource_index/rosidl_interfaces/linkattacher_msgs
-- Symlinking: /home/rozy/e-Yantra/logistic-cobot/eyrc-24-25-logistic-cobot/install/linkattacher_msgs/include/linkattacher_msgs/linkattacher_msgs/msg/rosidl_generator_c__visibility_control.h
-- Symlinking: /home/rozy/e-Yantra/logistic-cobot/eyrc-24-25-logistic-cobot/install/linkattacher_msgs/include/linkattacher_msgs/linkattacher_msgs/srv/attach_link.h
-- Symlinking: /home/rozy/e-Yantra/logistic-cobot/eyrc-24-25-logistic-cobot/install/linkattacher_msgs/include/linkattacher_msgs/linkattacher_msgs/srv/detach_link.h
-- Symlinking: /home/rozy/e-Yantra/logistic-cobot/eyrc-24-25-logistic-cobot/install/linkattacher_msgs/include/linkattacher_msgs/linkattacher_msgs/srv/detail/attach_link__functions.h
-- Symlinking: /home/rozy/e-Yantra/logistic-cobot/eyrc-24-25-logistic-cobot/install/linkattacher_msgs/include/linkattacher_msgs/linkattacher_msgs/srv/detail/attach_link__struct.h
-- Symlinking: /home/rozy/e-Yantra/logistic-cobot/eyrc-24-25-logistic-cobot/install/linkattacher_msgs/include/linkattacher_msgs/linkattacher_msgs/srv/detail/attach_link__type_support.h
-- Symlinking: /home/rozy/e-Yantra/logistic-cobot/eyrc-24-25-logistic-cobot/install/linkattacher_msgs/include/linkattacher_msgs/linkattacher_msgs/srv/detail/detach_link__functions.h
-- Symlinking: /home/rozy/e-Yantra/logistic-cobot/eyrc-24-25-logistic-cobot/install/linkattacher_msgs/include/linkattacher_msgs/linkattacher_msgs/srv/detail/detach_link__struct.h
-- Symlinking: /home/rozy/e-Yantra/logistic-cobot/eyrc-24-25-logistic-cobot/install/linkattacher_msgs/include/linkattacher_msgs/linkattacher_msgs/srv/detail/detach_link__type_support.h
-- Symlinking: /home/rozy/e-Yantra/logistic-cobot/eyrc-24-25-logistic-cobot/install/linkattacher_msgs/share/linkattacher_msgs/environment/library_path.sh
-- Symlinking: /home/rozy/e-Yantra/logistic-cobot/eyrc-24-25-logistic-cobot/install/linkattacher_msgs/share/linkattacher_msgs/environment/library_path.dsv
-- Symlinking: /home/rozy/e-Yantra/logistic-cobot/eyrc-24-25-logistic-cobot/install/linkattacher_msgs/include/linkattacher_msgs/linkattacher_msgs/msg/rosidl_typesupport_fastrtps_c__visibility_control.h
-- Symlinking: /home/rozy/e-Yantra/logistic-cobot/eyrc-24-25-logistic-cobot/install/linkattacher_msgs/include/linkattacher_msgs/linkattacher_msgs/srv/detail/attach_link__rosidl_typesupport_fastrtps_c.h
-- Symlinking: /home/rozy/e-Yantra/logistic-cobot/eyrc-24-25-logistic-cobot/install/linkattacher_msgs/include/linkattacher_msgs/linkattacher_msgs/srv/detail/detach_link__rosidl_typesupport_fastrtps_c.h
-- Symlinking: /home/rozy/e-Yantra/logistic-cobot/eyrc-24-25-logistic-cobot/install/linkattacher_msgs/include/linkattacher_msgs/linkattacher_msgs/msg/rosidl_typesupport_introspection_c__visibility_control.h
-- Symlinking: /home/rozy/e-Yantra/logistic-cobot/eyrc-24-25-logistic-cobot/install/linkattacher_msgs/include/linkattacher_msgs/linkattacher_msgs/srv/detail/attach_link__rosidl_typesupport_introspection_c.h
-- Symlinking: /home/rozy/e-Yantra/logistic-cobot/eyrc-24-25-logistic-cobot/install/linkattacher_msgs/include/linkattacher_msgs/linkattacher_msgs/srv/detail/detach_link__rosidl_typesupport_introspection_c.h
-- Symlinking: /home/rozy/e-Yantra/logistic-cobot/eyrc-24-25-logistic-cobot/install/linkattacher_msgs/include/linkattacher_msgs/linkattacher_msgs/srv/attach_link.hpp
-- Symlinking: /home/rozy/e-Yantra/logistic-cobot/eyrc-24-25-logistic-cobot/install/linkattacher_msgs/include/linkattacher_msgs/linkattacher_msgs/srv/detach_link.hpp
-- Symlinking: /home/rozy/e-Yantra/logistic-cobot/eyrc-24-25-logistic-cobot/install/linkattacher_msgs/include/linkattacher_msgs/linkattacher_msgs/srv/detail/attach_link__builder.hpp
-- Symlinking: /home/rozy/e-Yantra/logistic-cobot/eyrc-24-25-logistic-cobot/install/linkattacher_msgs/include/linkattacher_msgs/linkattacher_msgs/srv/detail/attach_link__struct.hpp
-- Symlinking: /home/rozy/e-Yantra/logistic-cobot/eyrc-24-25-logistic-cobot/install/linkattacher_msgs/include/linkattacher_msgs/linkattacher_msgs/srv/detail/attach_link__traits.hpp
-- Symlinking: /home/rozy/e-Yantra/logistic-cobot/eyrc-24-25-logistic-cobot/install/linkattacher_msgs/include/linkattacher_msgs/linkattacher_msgs/srv/detail/detach_link__builder.hpp
-- Symlinking: /home/rozy/e-Yantra/logistic-cobot/eyrc-24-25-logistic-cobot/install/linkattacher_msgs/include/linkattacher_msgs/linkattacher_msgs/srv/detail/detach_link__struct.hpp
-- Symlinking: /home/rozy/e-Yantra/logistic-cobot/eyrc-24-25-logistic-cobot/install/linkattacher_msgs/include/linkattacher_msgs/linkattacher_msgs/srv/detail/detach_link__traits.hpp
-- Symlinking: /home/rozy/e-Yantra/logistic-cobot/eyrc-24-25-logistic-cobot/install/linkattacher_msgs/include/linkattacher_msgs/linkattacher_msgs/msg/rosidl_typesupport_fastrtps_cpp__visibility_control.h
-- Symlinking: /home/rozy/e-Yantra/logistic-cobot/eyrc-24-25-logistic-cobot/install/linkattacher_msgs/include/linkattacher_msgs/linkattacher_msgs/srv/detail/attach_link__rosidl_typesupport_fastrtps_cpp.hpp
-- Symlinking: /home/rozy/e-Yantra/logistic-cobot/eyrc-24-25-logistic-cobot/install/linkattacher_msgs/include/linkattacher_msgs/linkattacher_msgs/srv/detail/detach_link__rosidl_typesupport_fastrtps_cpp.hpp
-- Symlinking: /home/rozy/e-Yantra/logistic-cobot/eyrc-24-25-logistic-cobot/install/linkattacher_msgs/include/linkattacher_msgs/linkattacher_msgs/srv/detail/attach_link__rosidl_typesupport_introspection_cpp.hpp
-- Symlinking: /home/rozy/e-Yantra/logistic-cobot/eyrc-24-25-logistic-cobot/install/linkattacher_msgs/include/linkattacher_msgs/linkattacher_msgs/srv/detail/detach_link__rosidl_typesupport_introspection_cpp.hpp
-- Symlinking: /home/rozy/e-Yantra/logistic-cobot/eyrc-24-25-logistic-cobot/install/linkattacher_msgs/share/linkattacher_msgs/environment/pythonpath.sh
-- Symlinking: /home/rozy/e-Yantra/logistic-cobot/eyrc-24-25-logistic-cobot/install/linkattacher_msgs/share/linkattacher_msgs/environment/pythonpath.dsv
-- Symlinking: /home/rozy/e-Yantra/logistic-cobot/eyrc-24-25-logistic-cobot/install/linkattacher_msgs/local/lib/python3.10/dist-packages/linkattacher_msgs-0.0.0-py3.10.egg-info/PKG-INFO
-- Symlinking: /home/rozy/e-Yantra/logistic-cobot/eyrc-24-25-logistic-cobot/install/linkattacher_msgs/local/lib/python3.10/dist-packages/linkattacher_msgs-0.0.0-py3.10.egg-info/SOURCES.txt
-- Symlinking: /home/rozy/e-Yantra/logistic-cobot/eyrc-24-25-logistic-cobot/install/linkattacher_msgs/local/lib/python3.10/dist-packages/linkattacher_msgs-0.0.0-py3.10.egg-info/dependency_links.txt
-- Symlinking: /home/rozy/e-Yantra/logistic-cobot/eyrc-24-25-logistic-cobot/install/linkattacher_msgs/local/lib/python3.10/dist-packages/linkattacher_msgs-0.0.0-py3.10.egg-info/top_level.txt
-- Symlinking: /home/rozy/e-Yantra/logistic-cobot/eyrc-24-25-logistic-cobot/install/linkattacher_msgs/local/lib/python3.10/dist-packages/linkattacher_msgs/__init__.py
-- Symlinking: /home/rozy/e-Yantra/logistic-cobot/eyrc-24-25-logistic-cobot/install/linkattacher_msgs/local/lib/python3.10/dist-packages/linkattacher_msgs/_linkattacher_msgs_s.ep.rosidl_typesupport_c.c
-- Symlinking: /home/rozy/e-Yantra/logistic-cobot/eyrc-24-25-logistic-cobot/install/linkattacher_msgs/local/lib/python3.10/dist-packages/linkattacher_msgs/_linkattacher_msgs_s.ep.rosidl_typesupport_fastrtps_c.c
-- Symlinking: /home/rozy/e-Yantra/logistic-cobot/eyrc-24-25-logistic-cobot/install/linkattacher_msgs/local/lib/python3.10/dist-packages/linkattacher_msgs/_linkattacher_msgs_s.ep.rosidl_typesupport_introspection_c.c
-- Symlinking: /home/rozy/e-Yantra/logistic-cobot/eyrc-24-25-logistic-cobot/install/linkattacher_msgs/local/lib/python3.10/dist-packages/linkattacher_msgs/liblinkattacher_msgs__rosidl_generator_py.so
-- Symlinking: /home/rozy/e-Yantra/logistic-cobot/eyrc-24-25-logistic-cobot/install/linkattacher_msgs/local/lib/python3.10/dist-packages/linkattacher_msgs/linkattacher_msgs_s__rosidl_typesupport_c.cpython-310-x86_64-linux-gnu.so
-- Symlinking: /home/rozy/e-Yantra/logistic-cobot/eyrc-24-25-logistic-cobot/install/linkattacher_msgs/local/lib/python3.10/dist-packages/linkattacher_msgs/linkattacher_msgs_s__rosidl_typesupport_fastrtps_c.cpython-310-x86_64-linux-gnu.so
-- Symlinking: /home/rozy/e-Yantra/logistic-cobot/eyrc-24-25-logistic-cobot/install/linkattacher_msgs/local/lib/python3.10/dist-packages/linkattacher_msgs/linkattacher_msgs_s__rosidl_typesupport_introspection_c.cpython-310-x86_64-linux-gnu.so
-- Symlinking: /home/rozy/e-Yantra/logistic-cobot/eyrc-24-25-logistic-cobot/install/linkattacher_msgs/local/lib/python3.10/dist-packages/linkattacher_msgs/srv/__init__.py
-- Symlinking: /home/rozy/e-Yantra/logistic-cobot/eyrc-24-25-logistic-cobot/install/linkattacher_msgs/local/lib/python3.10/dist-packages/linkattacher_msgs/srv/_attach_link.py
-- Symlinking: /home/rozy/e-Yantra/logistic-cobot/eyrc-24-25-logistic-cobot/install/linkattacher_msgs/local/lib/python3.10/dist-packages/linkattacher_msgs/srv/_attach_link_s.c
-- Symlinking: /home/rozy/e-Yantra/logistic-cobot/eyrc-24-25-logistic-cobot/install/linkattacher_msgs/local/lib/python3.10/dist-packages/linkattacher_msgs/srv/_detach_link.py
-- Symlinking: /home/rozy/e-Yantra/logistic-cobot/eyrc-24-25-logistic-cobot/install/linkattacher_msgs/local/lib/python3.10/dist-packages/linkattacher_msgs/srv/_detach_link_s.c
-- Up-to-date symlink: /home/rozy/e-Yantra/logistic-cobot/eyrc-24-25-logistic-cobot/install/linkattacher_msgs/local/lib/python3.10/dist-packages/linkattacher_msgs/linkattacher_msgs_s__rosidl_typesupport_fastrtps_c.cpython-310-x86_64-linux-gnu.so
-- Up-to-date symlink: /home/rozy/e-Yantra/logistic-cobot/eyrc-24-25-logistic-cobot/install/linkattacher_msgs/local/lib/python3.10/dist-packages/linkattacher_msgs/linkattacher_msgs_s__rosidl_typesupport_introspection_c.cpython-310-x86_64-linux-gnu.so
-- Up-to-date symlink: /home/rozy/e-Yantra/logistic-cobot/eyrc-24-25-logistic-cobot/install/linkattacher_msgs/local/lib/python3.10/dist-packages/linkattacher_msgs/linkattacher_msgs_s__rosidl_typesupport_c.cpython-310-x86_64-linux-gnu.so
-- Symlinking: /home/rozy/e-Yantra/logistic-cobot/eyrc-24-25-logistic-cobot/install/linkattacher_msgs/share/linkattacher_msgs/srv/AttachLink.idl
-- Symlinking: /home/rozy/e-Yantra/logistic-cobot/eyrc-24-25-logistic-cobot/install/linkattacher_msgs/share/linkattacher_msgs/srv/DetachLink.idl
-- Up-to-date symlink: /home/rozy/e-Yantra/logistic-cobot/eyrc-24-25-logistic-cobot/install/linkattacher_msgs/share/linkattacher_msgs/srv/AttachLink.srv
-- Symlinking: /home/rozy/e-Yantra/logistic-cobot/eyrc-24-25-logistic-cobot/install/linkattacher_msgs/share/linkattacher_msgs/srv/AttachLink_Request.msg
-- Symlinking: /home/rozy/e-Yantra/logistic-cobot/eyrc-24-25-logistic-cobot/install/linkattacher_msgs/share/linkattacher_msgs/srv/AttachLink_Response.msg
-- Up-to-date symlink: /home/rozy/e-Yantra/logistic-cobot/eyrc-24-25-logistic-cobot/install/linkattacher_msgs/share/linkattacher_msgs/srv/DetachLink.srv
-- Symlinking: /home/rozy/e-Yantra/logistic-cobot/eyrc-24-25-logistic-cobot/install/linkattacher_msgs/share/linkattacher_msgs/srv/DetachLink_Request.msg
-- Symlinking: /home/rozy/e-Yantra/logistic-cobot/eyrc-24-25-logistic-cobot/install/linkattacher_msgs/share/linkattacher_msgs/srv/DetachLink_Response.msg
-- Symlinking: /home/rozy/e-Yantra/logistic-cobot/eyrc-24-25-logistic-cobot/install/linkattacher_msgs/share/ament_index/resource_index/package_run_dependencies/linkattacher_msgs
-- Symlinking: /home/rozy/e-Yantra/logistic-cobot/eyrc-24-25-logistic-cobot/install/linkattacher_msgs/share/ament_index/resource_index/parent_prefix_path/linkattacher_msgs
-- Symlinking: /home/rozy/e-Yantra/logistic-cobot/eyrc-24-25-logistic-cobot/install/linkattacher_msgs/share/linkattacher_msgs/environment/ament_prefix_path.sh
-- Symlinking: /home/rozy/e-Yantra/logistic-cobot/eyrc-24-25-logistic-cobot/install/linkattacher_msgs/share/linkattacher_msgs/environment/ament_prefix_path.dsv
-- Symlinking: /home/rozy/e-Yantra/logistic-cobot/eyrc-24-25-logistic-cobot/install/linkattacher_msgs/share/linkattacher_msgs/environment/path.sh
-- Symlinking: /home/rozy/e-Yantra/logistic-cobot/eyrc-24-25-logistic-cobot/install/linkattacher_msgs/share/linkattacher_msgs/environment/path.dsv
-- Symlinking: /home/rozy/e-Yantra/logistic-cobot/eyrc-24-25-logistic-cobot/install/linkattacher_msgs/share/linkattacher_msgs/local_setup.bash
-- Symlinking: /home/rozy/e-Yantra/logistic-cobot/eyrc-24-25-logistic-cobot/install/linkattacher_msgs/share/linkattacher_msgs/local_setup.sh
-- Symlinking: /home/rozy/e-Yantra/logistic-cobot/eyrc-24-25-logistic-cobot/install/linkattacher_msgs/share/linkattacher_msgs/local_setup.zsh
-- Symlinking: /home/rozy/e-Yantra/logistic-cobot/eyrc-24-25-logistic-cobot/install/linkattacher_msgs/share/linkattacher_msgs/local_setup.dsv
-- Symlinking: /home/rozy/e-Yantra/logistic-cobot/eyrc-24-25-logistic-cobot/install/linkattacher_msgs/share/linkattacher_msgs/package.dsv
-- Symlinking: /home/rozy/e-Yantra/logistic-cobot/eyrc-24-25-logistic-cobot/install/linkattacher_msgs/share/ament_index/resource_index/packages/linkattacher_msgs
-- Symlinking: /home/rozy/e-Yantra/logistic-cobot/eyrc-24-25-logistic-cobot/install/linkattacher_msgs/share/linkattacher_msgs/cmake/rosidl_cmake-extras.cmake
-- Symlinking: /home/rozy/e-Yantra/logistic-cobot/eyrc-24-25-logistic-cobot/install/linkattacher_msgs/share/linkattacher_msgs/cmake/ament_cmake_export_include_directories-extras.cmake
-- Symlinking: /home/rozy/e-Yantra/logistic-cobot/eyrc-24-25-logistic-cobot/install/linkattacher_msgs/share/linkattacher_msgs/cmake/ament_cmake_export_libraries-extras.cmake
-- Symlinking: /home/rozy/e-Yantra/logistic-cobot/eyrc-24-25-logistic-cobot/install/linkattacher_msgs/share/linkattacher_msgs/cmake/ament_cmake_export_targets-extras.cmake
-- Symlinking: /home/rozy/e-Yantra/logistic-cobot/eyrc-24-25-logistic-cobot/install/linkattacher_msgs/share/linkattacher_msgs/cmake/rosidl_cmake_export_typesupport_targets-extras.cmake
-- Symlinking: /home/rozy/e-Yantra/logistic-cobot/eyrc-24-25-logistic-cobot/install/linkattacher_msgs/share/linkattacher_msgs/cmake/ament_cmake_export_dependencies-extras.cmake
-- Symlinking: /home/rozy/e-Yantra/logistic-cobot/eyrc-24-25-logistic-cobot/install/linkattacher_msgs/share/linkattacher_msgs/cmake/rosidl_cmake_export_typesupport_libraries-extras.cmake
-- Symlinking: /home/rozy/e-Yantra/logistic-cobot/eyrc-24-25-logistic-cobot/install/linkattacher_msgs/share/linkattacher_msgs/cmake/linkattacher_msgsConfig.cmake
-- Symlinking: /home/rozy/e-Yantra/logistic-cobot/eyrc-24-25-logistic-cobot/install/linkattacher_msgs/share/linkattacher_msgs/cmake/linkattacher_msgsConfig-version.cmake
-- Symlinking: /home/rozy/e-Yantra/logistic-cobot/eyrc-24-25-logistic-cobot/install/linkattacher_msgs/share/linkattacher_msgs/package.xml
-- Up-to-date: /home/rozy/e-Yantra/logistic-cobot/eyrc-24-25-logistic-cobot/install/linkattacher_msgs/lib/liblinkattacher_msgs__rosidl_generator_c.so
-- Up-to-date: /home/rozy/e-Yantra/logistic-cobot/eyrc-24-25-logistic-cobot/install/linkattacher_msgs/lib/liblinkattacher_msgs__rosidl_typesupport_fastrtps_c.so
-- Up-to-date: /home/rozy/e-Yantra/logistic-cobot/eyrc-24-25-logistic-cobot/install/linkattacher_msgs/lib/liblinkattacher_msgs__rosidl_typesupport_introspection_c.so
-- Up-to-date: /home/rozy/e-Yantra/logistic-cobot/eyrc-24-25-logistic-cobot/install/linkattacher_msgs/lib/liblinkattacher_msgs__rosidl_typesupport_c.so
-- Up-to-date: /home/rozy/e-Yantra/logistic-cobot/eyrc-24-25-logistic-cobot/install/linkattacher_msgs/lib/liblinkattacher_msgs__rosidl_typesupport_fastrtps_cpp.so
-- Up-to-date: /home/rozy/e-Yantra/logistic-cobot/eyrc-24-25-logistic-cobot/install/linkattacher_msgs/lib/liblinkattacher_msgs__rosidl_typesupport_introspection_cpp.so
-- Up-to-date: /home/rozy/e-Yantra/logistic-cobot/eyrc-24-25-logistic-cobot/install/linkattacher_msgs/lib/liblinkattacher_msgs__rosidl_typesupport_cpp.so
Listing '/home/rozy/e-Yantra/logistic-cobot/eyrc-24-25-logistic-cobot/install/linkattacher_msgs/local/lib/python3.10/dist-packages/linkattacher_msgs'...
Compiling '/home/rozy/e-Yantra/logistic-cobot/eyrc-24-25-logistic-cobot/install/linkattacher_msgs/local/lib/python3.10/dist-packages/linkattacher_msgs/__init__.py'...
Listing '/home/rozy/e-Yantra/logistic-cobot/eyrc-24-25-logistic-cobot/install/linkattacher_msgs/local/lib/python3.10/dist-packages/linkattacher_msgs/srv'...
-- Up-to-date: /home/rozy/e-Yantra/logistic-cobot/eyrc-24-25-logistic-cobot/install/linkattacher_msgs/lib/liblinkattacher_msgs__rosidl_generator_py.so
-- Up-to-date: /home/rozy/e-Yantra/logistic-cobot/eyrc-24-25-logistic-cobot/install/linkattacher_msgs/share/linkattacher_msgs/cmake/export_linkattacher_msgs__rosidl_generator_cExport.cmake
-- Up-to-date: /home/rozy/e-Yantra/logistic-cobot/eyrc-24-25-logistic-cobot/install/linkattacher_msgs/share/linkattacher_msgs/cmake/export_linkattacher_msgs__rosidl_generator_cExport-noconfig.cmake
-- Up-to-date: /home/rozy/e-Yantra/logistic-cobot/eyrc-24-25-logistic-cobot/install/linkattacher_msgs/share/linkattacher_msgs/cmake/export_linkattacher_msgs__rosidl_typesupport_fastrtps_cExport.cmake
-- Up-to-date: /home/rozy/e-Yantra/logistic-cobot/eyrc-24-25-logistic-cobot/install/linkattacher_msgs/share/linkattacher_msgs/cmake/export_linkattacher_msgs__rosidl_typesupport_fastrtps_cExport-noconfig.cmake
-- Up-to-date: /home/rozy/e-Yantra/logistic-cobot/eyrc-24-25-logistic-cobot/install/linkattacher_msgs/share/linkattacher_msgs/cmake/linkattacher_msgs__rosidl_typesupport_introspection_cExport.cmake
-- Up-to-date: /home/rozy/e-Yantra/logistic-cobot/eyrc-24-25-logistic-cobot/install/linkattacher_msgs/share/linkattacher_msgs/cmake/linkattacher_msgs__rosidl_typesupport_introspection_cExport-noconfig.cmake
-- Up-to-date: /home/rozy/e-Yantra/logistic-cobot/eyrc-24-25-logistic-cobot/install/linkattacher_msgs/share/linkattacher_msgs/cmake/linkattacher_msgs__rosidl_typesupport_cExport.cmake
-- Up-to-date: /home/rozy/e-Yantra/logistic-cobot/eyrc-24-25-logistic-cobot/install/linkattacher_msgs/share/linkattacher_msgs/cmake/linkattacher_msgs__rosidl_typesupport_cExport-noconfig.cmake
-- Up-to-date: /home/rozy/e-Yantra/logistic-cobot/eyrc-24-25-logistic-cobot/install/linkattacher_msgs/share/linkattacher_msgs/cmake/export_linkattacher_msgs__rosidl_generator_cppExport.cmake
-- Up-to-date: /home/rozy/e-Yantra/logistic-cobot/eyrc-24-25-logistic-cobot/install/linkattacher_msgs/share/linkattacher_msgs/cmake/export_linkattacher_msgs__rosidl_typesupport_fastrtps_cppExport.cmake
-- Up-to-date: /home/rozy/e-Yantra/logistic-cobot/eyrc-24-25-logistic-cobot/install/linkattacher_msgs/share/linkattacher_msgs/cmake/export_linkattacher_msgs__rosidl_typesupport_fastrtps_cppExport-noconfig.cmake
-- Up-to-date: /home/rozy/e-Yantra/logistic-cobot/eyrc-24-25-logistic-cobot/install/linkattacher_msgs/share/linkattacher_msgs/cmake/linkattacher_msgs__rosidl_typesupport_introspection_cppExport.cmake
-- Up-to-date: /home/rozy/e-Yantra/logistic-cobot/eyrc-24-25-logistic-cobot/install/linkattacher_msgs/share/linkattacher_msgs/cmake/linkattacher_msgs__rosidl_typesupport_introspection_cppExport-noconfig.cmake
-- Up-to-date: /home/rozy/e-Yantra/logistic-cobot/eyrc-24-25-logistic-cobot/install/linkattacher_msgs/share/linkattacher_msgs/cmake/linkattacher_msgs__rosidl_typesupport_cppExport.cmake
-- Up-to-date: /home/rozy/e-Yantra/logistic-cobot/eyrc-24-25-logistic-cobot/install/linkattacher_msgs/share/linkattacher_msgs/cmake/linkattacher_msgs__rosidl_typesupport_cppExport-noconfig.cmake
-- Up-to-date: /home/rozy/e-Yantra/logistic-cobot/eyrc-24-25-logistic-cobot/install/linkattacher_msgs/share/linkattacher_msgs/cmake/export_linkattacher_msgs__rosidl_generator_pyExport.cmake
-- Up-to-date: /home/rozy/e-Yantra/logistic-cobot/eyrc-24-25-logistic-cobot/install/linkattacher_msgs/share/linkattacher_msgs/cmake/export_linkattacher_msgs__rosidl_generator_pyExport-noconfig.cmake
