[0.133s] Invoking command in '/home/rozy/e-Yantra/logistic-cobot/eyrc-24-25-logistic-cobot/build/pymoveit2': CMAKE_PREFIX_PATH=${CMAKE_PREFIX_PATH}:/home/rozy/ros2_ws/install/turtlesim_catch_them_all:/home/rozy/ros2_ws/install/my_py_pkg:/opt/ros/humble /usr/bin/cmake /home/rozy/e-Yantra/logistic-cobot/eyrc-24-25-logistic-cobot/pymoveit2 -DCMAKE_INSTALL_PREFIX=/home/rozy/e-Yantra/logistic-cobot/eyrc-24-25-logistic-cobot/install/pymoveit2
[0.414s] -- The C compiler identification is GNU 11.4.0
[0.414s] -- The CXX compiler identification is GNU 11.4.0
[0.414s] -- Detecting C compiler ABI info
[0.414s] -- Detecting C compiler ABI info - done
[0.414s] -- Check for working C compiler: /usr/bin/cc - skipped
[0.414s] -- Detecting C compile features
[0.414s] -- Detecting C compile features - done
[0.414s] -- Detecting CXX compiler ABI info
[0.420s] -- Detecting CXX compiler ABI info - done
[0.426s] -- Check for working CXX compiler: /usr/bin/c++ - skipped
[0.427s] -- Detecting CXX compile features
[0.427s] -- Detecting CXX compile features - done
[0.429s] -- Found ament_cmake: 1.3.7 (/opt/ros/humble/share/ament_cmake/cmake)
[0.570s] -- Found Python3: /usr/bin/python3.10 (found version "3.10.12") found components: Interpreter 
[0.778s] -- Configuring done
[0.780s] -- Generating done
[0.781s] -- Build files have been written to: /home/rozy/e-Yantra/logistic-cobot/eyrc-24-25-logistic-cobot/build/pymoveit2
[0.784s] Invoked command in '/home/rozy/e-Yantra/logistic-cobot/eyrc-24-25-logistic-cobot/build/pymoveit2' returned '0': CMAKE_PREFIX_PATH=${CMAKE_PREFIX_PATH}:/home/rozy/ros2_ws/install/turtlesim_catch_them_all:/home/rozy/ros2_ws/install/my_py_pkg:/opt/ros/humble /usr/bin/cmake /home/rozy/e-Yantra/logistic-cobot/eyrc-24-25-logistic-cobot/pymoveit2 -DCMAKE_INSTALL_PREFIX=/home/rozy/e-Yantra/logistic-cobot/eyrc-24-25-logistic-cobot/install/pymoveit2
[0.785s] Invoking command in '/home/rozy/e-Yantra/logistic-cobot/eyrc-24-25-logistic-cobot/build/pymoveit2': CMAKE_PREFIX_PATH=${CMAKE_PREFIX_PATH}:/home/rozy/ros2_ws/install/turtlesim_catch_them_all:/home/rozy/ros2_ws/install/my_py_pkg:/opt/ros/humble /usr/bin/cmake --build /home/rozy/e-Yantra/logistic-cobot/eyrc-24-25-logistic-cobot/build/pymoveit2 -- -j12 -l12
[0.825s] Built target ament_cmake_python_copy_pymoveit2
[1.058s] running egg_info
[1.058s] creating pymoveit2.egg-info
[1.058s] writing pymoveit2.egg-info/PKG-INFO
[1.058s] writing dependency_links to pymoveit2.egg-info/dependency_links.txt
[1.058s] writing top-level names to pymoveit2.egg-info/top_level.txt
[1.058s] writing manifest file 'pymoveit2.egg-info/SOURCES.txt'
[1.060s] reading manifest file 'pymoveit2.egg-info/SOURCES.txt'
[1.060s] writing manifest file 'pymoveit2.egg-info/SOURCES.txt'
[1.083s] Built target ament_cmake_python_build_pymoveit2_egg
[1.094s] Invoked command in '/home/rozy/e-Yantra/logistic-cobot/eyrc-24-25-logistic-cobot/build/pymoveit2' returned '0': CMAKE_PREFIX_PATH=${CMAKE_PREFIX_PATH}:/home/rozy/ros2_ws/install/turtlesim_catch_them_all:/home/rozy/ros2_ws/install/my_py_pkg:/opt/ros/humble /usr/bin/cmake --build /home/rozy/e-Yantra/logistic-cobot/eyrc-24-25-logistic-cobot/build/pymoveit2 -- -j12 -l12
[1.108s] Invoking command in '/home/rozy/e-Yantra/logistic-cobot/eyrc-24-25-logistic-cobot/build/pymoveit2': CMAKE_PREFIX_PATH=${CMAKE_PREFIX_PATH}:/home/rozy/ros2_ws/install/turtlesim_catch_them_all:/home/rozy/ros2_ws/install/my_py_pkg:/opt/ros/humble /usr/bin/cmake --install /home/rozy/e-Yantra/logistic-cobot/eyrc-24-25-logistic-cobot/build/pymoveit2
[1.114s] -- Install configuration: ""
[1.114s] -- Installing: /home/rozy/e-Yantra/logistic-cobot/eyrc-24-25-logistic-cobot/install/pymoveit2/share/pymoveit2/environment/pythonpath.sh
[1.114s] -- Installing: /home/rozy/e-Yantra/logistic-cobot/eyrc-24-25-logistic-cobot/install/pymoveit2/share/pymoveit2/environment/pythonpath.dsv
[1.114s] -- Installing: /home/rozy/e-Yantra/logistic-cobot/eyrc-24-25-logistic-cobot/install/pymoveit2/local/lib/python3.10/dist-packages/pymoveit2-2.1.0-py3.10.egg-info
[1.114s] -- Installing: /home/rozy/e-Yantra/logistic-cobot/eyrc-24-25-logistic-cobot/install/pymoveit2/local/lib/python3.10/dist-packages/pymoveit2-2.1.0-py3.10.egg-info/SOURCES.txt
[1.114s] -- Installing: /home/rozy/e-Yantra/logistic-cobot/eyrc-24-25-logistic-cobot/install/pymoveit2/local/lib/python3.10/dist-packages/pymoveit2-2.1.0-py3.10.egg-info/top_level.txt
[1.114s] -- Installing: /home/rozy/e-Yantra/logistic-cobot/eyrc-24-25-logistic-cobot/install/pymoveit2/local/lib/python3.10/dist-packages/pymoveit2-2.1.0-py3.10.egg-info/PKG-INFO
[1.114s] -- Installing: /home/rozy/e-Yantra/logistic-cobot/eyrc-24-25-logistic-cobot/install/pymoveit2/local/lib/python3.10/dist-packages/pymoveit2-2.1.0-py3.10.egg-info/dependency_links.txt
[1.114s] -- Installing: /home/rozy/e-Yantra/logistic-cobot/eyrc-24-25-logistic-cobot/install/pymoveit2/local/lib/python3.10/dist-packages/pymoveit2
[1.114s] -- Installing: /home/rozy/e-Yantra/logistic-cobot/eyrc-24-25-logistic-cobot/install/pymoveit2/local/lib/python3.10/dist-packages/pymoveit2/robots
[1.114s] -- Installing: /home/rozy/e-Yantra/logistic-cobot/eyrc-24-25-logistic-cobot/install/pymoveit2/local/lib/python3.10/dist-packages/pymoveit2/robots/__init__.py
[1.115s] -- Installing: /home/rozy/e-Yantra/logistic-cobot/eyrc-24-25-logistic-cobot/install/pymoveit2/local/lib/python3.10/dist-packages/pymoveit2/robots/kinova.py
[1.115s] -- Installing: /home/rozy/e-Yantra/logistic-cobot/eyrc-24-25-logistic-cobot/install/pymoveit2/local/lib/python3.10/dist-packages/pymoveit2/robots/ur5.py
[1.115s] -- Installing: /home/rozy/e-Yantra/logistic-cobot/eyrc-24-25-logistic-cobot/install/pymoveit2/local/lib/python3.10/dist-packages/pymoveit2/__init__.py
[1.115s] -- Installing: /home/rozy/e-Yantra/logistic-cobot/eyrc-24-25-logistic-cobot/install/pymoveit2/local/lib/python3.10/dist-packages/pymoveit2/moveit2_servo.py
[1.115s] -- Installing: /home/rozy/e-Yantra/logistic-cobot/eyrc-24-25-logistic-cobot/install/pymoveit2/local/lib/python3.10/dist-packages/pymoveit2/moveit2.py
[1.157s] Listing '/home/rozy/e-Yantra/logistic-cobot/eyrc-24-25-logistic-cobot/install/pymoveit2/local/lib/python3.10/dist-packages/pymoveit2'...
[1.157s] Compiling '/home/rozy/e-Yantra/logistic-cobot/eyrc-24-25-logistic-cobot/install/pymoveit2/local/lib/python3.10/dist-packages/pymoveit2/__init__.py'...
[1.157s] Compiling '/home/rozy/e-Yantra/logistic-cobot/eyrc-24-25-logistic-cobot/install/pymoveit2/local/lib/python3.10/dist-packages/pymoveit2/moveit2.py'...
[1.157s] Compiling '/home/rozy/e-Yantra/logistic-cobot/eyrc-24-25-logistic-cobot/install/pymoveit2/local/lib/python3.10/dist-packages/pymoveit2/moveit2_servo.py'...
[1.157s] Listing '/home/rozy/e-Yantra/logistic-cobot/eyrc-24-25-logistic-cobot/install/pymoveit2/local/lib/python3.10/dist-packages/pymoveit2/robots'...
[1.157s] Compiling '/home/rozy/e-Yantra/logistic-cobot/eyrc-24-25-logistic-cobot/install/pymoveit2/local/lib/python3.10/dist-packages/pymoveit2/robots/__init__.py'...
[1.157s] Compiling '/home/rozy/e-Yantra/logistic-cobot/eyrc-24-25-logistic-cobot/install/pymoveit2/local/lib/python3.10/dist-packages/pymoveit2/robots/kinova.py'...
[1.157s] Compiling '/home/rozy/e-Yantra/logistic-cobot/eyrc-24-25-logistic-cobot/install/pymoveit2/local/lib/python3.10/dist-packages/pymoveit2/robots/ur5.py'...
[1.162s] -- Installing: /home/rozy/e-Yantra/logistic-cobot/eyrc-24-25-logistic-cobot/install/pymoveit2/lib/pymoveit2/ex_collision_object.py
[1.162s] -- Installing: /home/rozy/e-Yantra/logistic-cobot/eyrc-24-25-logistic-cobot/install/pymoveit2/lib/pymoveit2/ex_joint_goal.py
[1.162s] -- Installing: /home/rozy/e-Yantra/logistic-cobot/eyrc-24-25-logistic-cobot/install/pymoveit2/lib/pymoveit2/ex_pose_goal.py
[1.162s] -- Installing: /home/rozy/e-Yantra/logistic-cobot/eyrc-24-25-logistic-cobot/install/pymoveit2/lib/pymoveit2/ex_servo.py
[1.162s] -- Installing: /home/rozy/e-Yantra/logistic-cobot/eyrc-24-25-logistic-cobot/install/pymoveit2/lib/pymoveit2/assets
[1.162s] -- Installing: /home/rozy/e-Yantra/logistic-cobot/eyrc-24-25-logistic-cobot/install/pymoveit2/lib/pymoveit2/assets/rack_box.stl
[1.162s] -- Installing: /home/rozy/e-Yantra/logistic-cobot/eyrc-24-25-logistic-cobot/install/pymoveit2/lib/pymoveit2/assets/box1.stl
[1.162s] -- Installing: /home/rozy/e-Yantra/logistic-cobot/eyrc-24-25-logistic-cobot/install/pymoveit2/lib/pymoveit2/assets/suzanne.stl
[1.162s] -- Installing: /home/rozy/e-Yantra/logistic-cobot/eyrc-24-25-logistic-cobot/install/pymoveit2/lib/pymoveit2/assets/box3.stl
[1.163s] -- Installing: /home/rozy/e-Yantra/logistic-cobot/eyrc-24-25-logistic-cobot/install/pymoveit2/lib/pymoveit2/assets/box2.stl
[1.163s] -- Installing: /home/rozy/e-Yantra/logistic-cobot/eyrc-24-25-logistic-cobot/install/pymoveit2/lib/pymoveit2/assets/rack_box_again.stl
[1.163s] -- Installing: /home/rozy/e-Yantra/logistic-cobot/eyrc-24-25-logistic-cobot/install/pymoveit2/lib/pymoveit2/assets/box.stl
[1.163s] -- Installing: /home/rozy/e-Yantra/logistic-cobot/eyrc-24-25-logistic-cobot/install/pymoveit2/lib/pymoveit2/assets/rack.stl
[1.166s] -- Installing: /home/rozy/e-Yantra/logistic-cobot/eyrc-24-25-logistic-cobot/install/pymoveit2/share/ament_index/resource_index/package_run_dependencies/pymoveit2
[1.167s] -- Installing: /home/rozy/e-Yantra/logistic-cobot/eyrc-24-25-logistic-cobot/install/pymoveit2/share/ament_index/resource_index/parent_prefix_path/pymoveit2
[1.167s] -- Installing: /home/rozy/e-Yantra/logistic-cobot/eyrc-24-25-logistic-cobot/install/pymoveit2/share/pymoveit2/environment/ament_prefix_path.sh
[1.167s] -- Installing: /home/rozy/e-Yantra/logistic-cobot/eyrc-24-25-logistic-cobot/install/pymoveit2/share/pymoveit2/environment/ament_prefix_path.dsv
[1.167s] -- Installing: /home/rozy/e-Yantra/logistic-cobot/eyrc-24-25-logistic-cobot/install/pymoveit2/share/pymoveit2/environment/path.sh
[1.167s] -- Installing: /home/rozy/e-Yantra/logistic-cobot/eyrc-24-25-logistic-cobot/install/pymoveit2/share/pymoveit2/environment/path.dsv
[1.167s] -- Installing: /home/rozy/e-Yantra/logistic-cobot/eyrc-24-25-logistic-cobot/install/pymoveit2/share/pymoveit2/local_setup.bash
[1.167s] -- Installing: /home/rozy/e-Yantra/logistic-cobot/eyrc-24-25-logistic-cobot/install/pymoveit2/share/pymoveit2/local_setup.sh
[1.167s] -- Installing: /home/rozy/e-Yantra/logistic-cobot/eyrc-24-25-logistic-cobot/install/pymoveit2/share/pymoveit2/local_setup.zsh
[1.167s] -- Installing: /home/rozy/e-Yantra/logistic-cobot/eyrc-24-25-logistic-cobot/install/pymoveit2/share/pymoveit2/local_setup.dsv
[1.167s] -- Installing: /home/rozy/e-Yantra/logistic-cobot/eyrc-24-25-logistic-cobot/install/pymoveit2/share/pymoveit2/package.dsv
[1.167s] -- Installing: /home/rozy/e-Yantra/logistic-cobot/eyrc-24-25-logistic-cobot/install/pymoveit2/share/ament_index/resource_index/packages/pymoveit2
[1.167s] -- Installing: /home/rozy/e-Yantra/logistic-cobot/eyrc-24-25-logistic-cobot/install/pymoveit2/share/pymoveit2/cmake/pymoveit2Config.cmake
[1.167s] -- Installing: /home/rozy/e-Yantra/logistic-cobot/eyrc-24-25-logistic-cobot/install/pymoveit2/share/pymoveit2/cmake/pymoveit2Config-version.cmake
[1.168s] -- Installing: /home/rozy/e-Yantra/logistic-cobot/eyrc-24-25-logistic-cobot/install/pymoveit2/share/pymoveit2/package.xml
[1.170s] Invoked command in '/home/rozy/e-Yantra/logistic-cobot/eyrc-24-25-logistic-cobot/build/pymoveit2' returned '0': CMAKE_PREFIX_PATH=${CMAKE_PREFIX_PATH}:/home/rozy/ros2_ws/install/turtlesim_catch_them_all:/home/rozy/ros2_ws/install/my_py_pkg:/opt/ros/humble /usr/bin/cmake --install /home/rozy/e-Yantra/logistic-cobot/eyrc-24-25-logistic-cobot/build/pymoveit2
